#
# A fatal error has been detected by the Java Runtime Environment:
#
#  EXCEPTION_ACCESS_VIOLATION (0xc0000005) at pc=0x000007ff10cd5845, pid=4772, tid=1208
#
# JRE version: 7.0_21-b11
# Java VM: Java HotSpot(TM) 64-Bit Server VM (23.21-b01 mixed mode windows-amd64 compressed oops)
# Problematic frame:
# C  [amdocl64.dll+0x175845]  clGetSamplerInfo+0xf0a5
#
# Failed to write core dump. Minidumps are not enabled by default on client versions of Windows
#
# If you would like to submit a bug report, please visit:
#   http://bugreport.sun.com/bugreport/crash.jsp
# The crash happened outside the Java Virtual Machine in native code.
# See problematic frame for where to report the bug.
#

---------------  T H R E A D  ---------------

Current thread (0x0000000001f4d800):  JavaThread "main" [_thread_in_native, id=1208, stack(0x0000000001f70000,0x0000000002070000)]

siginfo: ExceptionCode=0xc0000005, reading address 0xffffffffffffffff

Registers:
RAX=0x000000001876ab00, RBX=0x0000000000000070, RCX=0x000000001897e810, RDX=0x00406d432817e5c8
RSP=0x000000000206f270, RBP=0x000000001897e810, RSI=0x0000000017509fc0, RDI=0x0000000017509fc0
R8 =0x0000000018a8f501, R9 =0x0000000000000000, R10=0x0000000000000000, R11=0x00406d432817e5c8
R12=0x0000000000000000, R13=0x0000000000000002, R14=0x0000000018806a00, R15=0x4924924924924925
RIP=0x000007ff10cd5845, EFLAGS=0x0000000000010202

Top of Stack: (sp=0x000000000206f270)
0x000000000206f270:   000000001876ab00 000007ff10cd7bda
0x000000000206f280:   0000000000000000 000000000206f440
0x000000000206f290:   00000000188c13f0 000007ff117903b5
0x000000000206f2a0:   000000000000000f 00000000188d2400
0x000000000206f2b0:   0000000000000001 000007ff10cd74cb
0x000000000206f2c0:   0000000000000048 000007ff10cd8bbb
0x000000000206f2d0:   00000000188c13f0 000000001897e810
0x000000000206f2e0:   0000000018b8bc60 000007ff10cd7aa7
0x000000000206f2f0:   0000000000000038 0000000018d98140
0x000000000206f300:   0000000017509fc0 0000000000000001
0x000000000206f310:   000000001876ab00 0000000000000000
0x000000000206f320:   0000000000000000 0000000000000001
0x000000000206f330:   0000000000009a60 000007ff10cb5d87
0x000000000206f340:   00000000188c13f0 000000000206f440
0x000000000206f350:   0000000000009a50 0000000002078e30
0x000000000206f360:   000000000206f3c0 0000000000000001 

Instructions: (pc=0x000007ff10cd5845)
0x000007ff10cd5825:   48 83 ec 60 45 33 e4 48 8b fa 48 8b e9 45 8b cc
0x000007ff10cd5835:   45 8b d4 4c 39 49 20 76 32 4c 8b 59 28 49 8b d3
0x000007ff10cd5845:   48 39 3a 74 12 41 ff c1 48 83 c2 10 41 8b c1 48
0x000007ff10cd5855:   3b 41 20 72 eb eb 14 41 8b c1 48 03 c0 4d 8b 54 


Register to memory mapping:

RAX=0x000000001876ab00 is an unknown value
RBX=0x0000000000000070 is an unknown value
RCX=0x000000001897e810 is an unknown value
RDX=0x00406d432817e5c8 is an unknown value
RSP=0x000000000206f270 is pointing into the stack for thread: 0x0000000001f4d800
RBP=0x000000001897e810 is an unknown value
RSI=0x0000000017509fc0 is an unknown value
RDI=0x0000000017509fc0 is an unknown value
R8 =0x0000000018a8f501 is an unknown value
R9 =0x0000000000000000 is an unknown value
R10=0x0000000000000000 is an unknown value
R11=0x00406d432817e5c8 is an unknown value
R12=0x0000000000000000 is an unknown value
R13=0x0000000000000002 is an unknown value
R14=0x0000000018806a00 is an unknown value
R15=0x4924924924924925 is an unknown value


Stack: [0x0000000001f70000,0x0000000002070000],  sp=0x000000000206f270,  free space=1020k
Native frames: (J=compiled Java code, j=interpreted, Vv=VM code, C=native code)
C  [amdocl64.dll+0x175845]  clGetSamplerInfo+0xf0a5

Java frames: (J=compiled Java code, j=interpreted, Vv=VM code)
j  org.lwjgl.opencl.CL10.nclEnqueueNDRangeKernel(JJIJJJIJJJ)I+0
j  org.lwjgl.opencl.CL10.clEnqueueNDRangeKernel(Lorg/lwjgl/opencl/CLCommandQueue;Lorg/lwjgl/opencl/CLKernel;ILorg/lwjgl/PointerBuffer;Lorg/lwjgl/PointerBuffer;Lorg/lwjgl/PointerBuffer;Lorg/lwjgl/PointerBuffer;Lorg/lwjgl/PointerBuffer;)I+111
j  apiWrapper.OpenCL.clEnqueueNDRangeKernel(Lorg/lwjgl/opencl/CLCommandQueue;Lorg/lwjgl/opencl/CLKernel;ILorg/lwjgl/PointerBuffer;Lorg/lwjgl/PointerBuffer;Lorg/lwjgl/PointerBuffer;Lorg/lwjgl/PointerBuffer;Lorg/lwjgl/PointerBuffer;)V+16
j  environment.Rainstreaks.updateSimulation(J)V+171
j  main.Rain.animate(J)V+107
j  main.Rain.render()V+88
j  main.Rain.main([Ljava/lang/String;)V+226
v  ~StubRoutines::call_stub

---------------  P R O C E S S  ---------------

Java Threads: ( => current thread )
  0x00000000135c9800 JavaThread "TimerQueue" daemon [_thread_blocked, id=2888, stack(0x00000000232b0000,0x00000000233b0000)]
  0x000000001986a000 JavaThread "pool-1-thread-1" [_thread_blocked, id=192, stack(0x00000000229b0000,0x0000000022ab0000)]
  0x0000000017790000 JavaThread "D3D Screen Updater" daemon [_thread_blocked, id=5480, stack(0x00000000228b0000,0x00000000229b0000)]
  0x0000000017a4c000 JavaThread "AWT-EventQueue-0" [_thread_blocked, id=2080, stack(0x0000000021140000,0x0000000021240000)]
  0x00000000197a1800 JavaThread "AWT-Windows" daemon [_thread_in_native, id=5284, stack(0x000000001c2e0000,0x000000001c3e0000)]
  0x0000000019c43800 JavaThread "AWT-Shutdown" [_thread_blocked, id=4124, stack(0x000000001bd80000,0x000000001be80000)]
  0x00000000133fc000 JavaThread "LWJGL Timer" daemon [_thread_blocked, id=92, stack(0x000000001bac0000,0x000000001bbc0000)]
  0x0000000013560000 JavaThread "Java2D Disposer" daemon [_thread_blocked, id=44, stack(0x00000000181c0000,0x00000000182c0000)]
  0x0000000010c58000 JavaThread "Service Thread" daemon [_thread_blocked, id=312, stack(0x0000000013050000,0x0000000013150000)]
  0x0000000010c55800 JavaThread "C2 CompilerThread1" daemon [_thread_blocked, id=3812, stack(0x0000000012f50000,0x0000000013050000)]
  0x0000000010c49800 JavaThread "C2 CompilerThread0" daemon [_thread_blocked, id=5052, stack(0x0000000012e50000,0x0000000012f50000)]
  0x0000000010c48800 JavaThread "Attach Listener" daemon [_thread_blocked, id=3088, stack(0x0000000012d50000,0x0000000012e50000)]
  0x0000000010c43800 JavaThread "Signal Dispatcher" daemon [_thread_blocked, id=2920, stack(0x0000000012c50000,0x0000000012d50000)]
  0x0000000010bde000 JavaThread "Finalizer" daemon [_thread_blocked, id=2256, stack(0x0000000012b50000,0x0000000012c50000)]
  0x0000000010bd6800 JavaThread "Reference Handler" daemon [_thread_blocked, id=2600, stack(0x0000000012a50000,0x0000000012b50000)]
=>0x0000000001f4d800 JavaThread "main" [_thread_in_native, id=1208, stack(0x0000000001f70000,0x0000000002070000)]

Other Threads:
  0x0000000010bd1800 VMThread [stack: 0x0000000012950000,0x0000000012a50000] [id=1264]
  0x0000000010c75000 WatcherThread [stack: 0x0000000013150000,0x0000000013250000] [id=3336]

VM state:not at safepoint (normal execution)

VM Mutex/Monitor currently owned by a thread: None

Heap
 PSYoungGen      total 76224K, used 23717K [0x00000007aaeb0000, 0x00000007b03c0000, 0x0000000800000000)
  eden space 65344K, 33% used [0x00000007aaeb0000,0x00000007ac3cfaf0,0x00000007aee80000)
  from space 10880K, 19% used [0x00000007aee80000,0x00000007af089b58,0x00000007af920000)
  to   space 10880K, 0% used [0x00000007af920000,0x00000007af920000,0x00000007b03c0000)
 ParOldGen       total 174272K, used 8K [0x0000000700c00000, 0x000000070b630000, 0x00000007aaeb0000)
  object space 174272K, 0% used [0x0000000700c00000,0x0000000700c02000,0x000000070b630000)
 PSPermGen       total 21248K, used 15204K [0x00000006fba00000, 0x00000006fcec0000, 0x0000000700c00000)
  object space 21248K, 71% used [0x00000006fba00000,0x00000006fc8d90d0,0x00000006fcec0000)

Card table byte_map: [0x0000000005230000,0x0000000005a60000] byte_map_base: 0x0000000001a53000

Polling page: 0x0000000000740000

Code Cache  [0x0000000002170000, 0x00000000023e0000, 0x0000000005170000)
 total_blobs=829 nmethods=200 adapters=580 free_code_cache=48041Kb largest_free_block=49113280

Compilation events (10 events):
Event: 4.800 Thread 0x0000000010c49800 nmethod 192 0x0000000002203d10 code [0x0000000002204060, 0x00000000022059b0]
Event: 4.800 Thread 0x0000000010c49800   15 %           environment.Rainstreaks::loadTexturesCL @ 30 (322 bytes)
Event: 4.805 Thread 0x0000000010c55800 nmethod 191 0x0000000002294750 code [0x0000000002294b40, 0x0000000002297558]
Event: 4.817 Thread 0x0000000010c55800  193             sun.awt.image.ByteInterleavedRaster::setDataElements (263 bytes)
Event: 4.821 Thread 0x0000000010c55800 nmethod 193 0x0000000002201690 code [0x0000000002201800, 0x0000000002201cb0]
Event: 4.822 Thread 0x0000000010c49800 nmethod 15% 0x0000000002222010 code [0x0000000002222340, 0x0000000002223d00]
Event: 4.838 Thread 0x0000000010c55800  194             sun.java2d.pipe.RenderBuffer::putInt (26 bytes)
Event: 4.839 Thread 0x0000000010c55800 nmethod 194 0x00000000021fcd50 code [0x00000000021fce80, 0x00000000021fcf18]
Event: 4.839 Thread 0x0000000010c49800   16 %           environment.Rainstreaks::loadTexturesCL @ 163 (322 bytes)
Event: 4.848 Thread 0x0000000010c49800 nmethod 16% 0x00000000021fd450 code [0x00000000021fd620, 0x00000000021fe1c0]

GC Heap History (2 events):
Event: 1.595 GC heap before
{Heap before GC invocations=1 (full 0):
 PSYoungGen      total 76224K, used 65344K [0x00000007aaeb0000, 0x00000007b03c0000, 0x0000000800000000)
  eden space 65344K, 100% used [0x00000007aaeb0000,0x00000007aee80000,0x00000007aee80000)
  from space 10880K, 0% used [0x00000007af920000,0x00000007af920000,0x00000007b03c0000)
  to   space 10880K, 0% used [0x00000007aee80000,0x00000007aee80000,0x00000007af920000)
 ParOldGen       total 174272K, used 0K [0x0000000700c00000, 0x000000070b630000, 0x00000007aaeb0000)
  object space 174272K, 0% used [0x0000000700c00000,0x0000000700c00000,0x000000070b630000)
 PSPermGen       total 21248K, used 6818K [0x00000006fba00000, 0x00000006fcec0000, 0x0000000700c00000)
  object space 21248K, 32% used [0x00000006fba00000,0x00000006fc0a8a30,0x00000006fcec0000)
Event: 1.598 GC heap after
Heap after GC invocations=1 (full 0):
 PSYoungGen      total 76224K, used 2086K [0x00000007aaeb0000, 0x00000007b03c0000, 0x0000000800000000)
  eden space 65344K, 0% used [0x00000007aaeb0000,0x00000007aaeb0000,0x00000007aee80000)
  from space 10880K, 19% used [0x00000007aee80000,0x00000007af089b58,0x00000007af920000)
  to   space 10880K, 0% used [0x00000007af920000,0x00000007af920000,0x00000007b03c0000)
 ParOldGen       total 174272K, used 8K [0x0000000700c00000, 0x000000070b630000, 0x00000007aaeb0000)
  object space 174272K, 0% used [0x0000000700c00000,0x0000000700c02000,0x000000070b630000)
 PSPermGen       total 21248K, used 6818K [0x00000006fba00000, 0x00000006fcec0000, 0x0000000700c00000)
  object space 21248K, 32% used [0x00000006fba00000,0x00000006fc0a8a30,0x00000006fcec0000)
}

Deoptimization events (10 events):
Event: 1.515 Thread 0x0000000001f4d800 Uncommon trap -34 fr.pc 0x0000000002240c6c
Event: 1.515 Thread 0x0000000001f4d800 Uncommon trap -34 fr.pc 0x0000000002240c6c
Event: 1.516 Thread 0x0000000001f4d800 Uncommon trap -34 fr.pc 0x0000000002240c6c
Event: 3.085 Thread 0x0000000001f4d800 Uncommon trap -12 fr.pc 0x00000000021e33d4
Event: 3.135 Thread 0x0000000001f4d800 Uncommon trap -34 fr.pc 0x000000000224657c
Event: 3.160 Thread 0x0000000001f4d800 Uncommon trap -34 fr.pc 0x000000000221b7c4
Event: 3.160 Thread 0x0000000001f4d800 Uncommon trap -34 fr.pc 0x000000000221b7c4
Event: 3.160 Thread 0x0000000001f4d800 Uncommon trap -34 fr.pc 0x000000000221b7c4
Event: 3.160 Thread 0x0000000001f4d800 Uncommon trap -34 fr.pc 0x000000000221b7c4
Event: 3.215 Thread 0x0000000001f4d800 Uncommon trap -34 fr.pc 0x000000000224657c

Internal exceptions (10 events):
Event: 3.176 Thread 0x0000000001f4d800 Threw 0x00000007abc0fe00 at C:\jdk7u2_64p\jdk7u21\hotspot\src\share\vm\prims\jvm.cpp:1166
Event: 3.176 Thread 0x0000000001f4d800 Threw 0x00000007abc148d8 at C:\jdk7u2_64p\jdk7u21\hotspot\src\share\vm\prims\jvm.cpp:1166
Event: 3.178 Thread 0x0000000001f4d800 Threw 0x00000007abc26408 at C:\jdk7u2_64p\jdk7u21\hotspot\src\share\vm\prims\jvm.cpp:1166
Event: 3.191 Thread 0x0000000001f4d800 Threw 0x00000007abc4cbd8 at C:\jdk7u2_64p\jdk7u21\hotspot\src\share\vm\prims\jvm.cpp:1166
Event: 3.192 Thread 0x0000000001f4d800 Threw 0x00000007abc4fc08 at C:\jdk7u2_64p\jdk7u21\hotspot\src\share\vm\prims\jvm.cpp:1166
Event: 3.212 Thread 0x0000000001f4d800 Threw 0x00000007abc76710 at C:\jdk7u2_64p\jdk7u21\hotspot\src\share\vm\prims\jvm.cpp:1166
Event: 3.213 Thread 0x0000000001f4d800 Threw 0x00000007abc7e040 at C:\jdk7u2_64p\jdk7u21\hotspot\src\share\vm\prims\jvm.cpp:1166
Event: 3.215 Thread 0x0000000001f4d800 Threw 0x00000007abc8d6d8 at C:\jdk7u2_64p\jdk7u21\hotspot\src\share\vm\prims\jvm.cpp:1166
Event: 3.215 Thread 0x0000000001f4d800 Threw 0x00000007abc8ef20 at C:\jdk7u2_64p\jdk7u21\hotspot\src\share\vm\prims\jvm.cpp:1166
Event: 3.218 Thread 0x0000000001f4d800 Threw 0x00000007abcc3db0 at C:\jdk7u2_64p\jdk7u21\hotspot\src\share\vm\prims\jvm.cpp:1166

Events (10 events):
Event: 4.732 loading class 0x0000000017807af0
Event: 4.732 loading class 0x0000000017807af0 done
Event: 4.733 loading class 0x0000000019c95080
Event: 4.733 loading class 0x00000000134c76c0
Event: 4.733 loading class 0x00000000134c76c0 done
Event: 4.733 loading class 0x0000000019c95080 done
Event: 4.740 loading class 0x00000000196b9f90
Event: 4.740 loading class 0x00000000196b9f90 done
Event: 4.821 Thread 0x0000000010c55800 flushing nmethod 0x000000000221c050
Event: 4.839 Thread 0x0000000010c55800 flushing nmethod 0x000000000223ab50


Dynamic libraries:
0x000007f66aaf0000 - 0x000007f66ab23000 	C:\Program Files\Java\jre7\bin\javaw.exe
0x000007ff32490000 - 0x000007ff32650000 	C:\Windows\SYSTEM32\ntdll.dll
0x000007ff2fc90000 - 0x000007ff2fdc6000 	C:\Windows\system32\KERNEL32.DLL
0x000007ff2f550000 - 0x000007ff2f643000 	C:\Windows\system32\KERNELBASE.dll
0x000007ff2ddd0000 - 0x000007ff2de6f000 	C:\Windows\system32\apphelp.dll
0x000007ff2fb00000 - 0x000007ff2fbde000 	C:\Windows\system32\ADVAPI32.dll
0x000007ff2f890000 - 0x000007ff2f9dc000 	C:\Windows\system32\USER32.dll
0x000007ff2ee50000 - 0x000007ff2f0ba000 	C:\Windows\WinSxS\amd64_microsoft.windows.common-controls_6595b64144ccf1df_6.0.9200.16579_none_418ab7ef718b27ef\COMCTL32.dll
0x000007ff32150000 - 0x000007ff321f5000 	C:\Windows\system32\msvcrt.dll
0x000007ff2fc40000 - 0x000007ff2fc88000 	C:\Windows\SYSTEM32\sechost.dll
0x000007ff31c20000 - 0x000007ff31d60000 	C:\Windows\system32\RPCRT4.dll
0x000007ff31a60000 - 0x000007ff31ba1000 	C:\Windows\system32\GDI32.dll
0x000007ff32110000 - 0x000007ff32149000 	C:\Windows\system32\IMM32.DLL
0x000007ff2f9e0000 - 0x000007ff2faf5000 	C:\Windows\system32\MSCTF.dll
0x0000000060cb0000 - 0x0000000060d81000 	C:\Program Files\Java\jre7\bin\msvcr100.dll
0x0000000060580000 - 0x0000000060ca1000 	C:\Program Files\Java\jre7\bin\server\jvm.dll
0x000007ff17100000 - 0x000007ff17109000 	C:\Windows\SYSTEM32\WSOCK32.dll
0x000007ff24630000 - 0x000007ff24650000 	C:\Windows\SYSTEM32\WINMM.dll
0x000007ff31c10000 - 0x000007ff31c17000 	C:\Windows\system32\PSAPI.DLL
0x000007ff30180000 - 0x000007ff301d8000 	C:\Windows\system32\WS2_32.dll
0x000007ff245f0000 - 0x000007ff24622000 	C:\Windows\SYSTEM32\WINMMBASE.dll
0x000007ff303a0000 - 0x000007ff303a9000 	C:\Windows\system32\NSI.dll
0x0000000060570000 - 0x000000006057f000 	C:\Program Files\Java\jre7\bin\verify.dll
0x0000000060540000 - 0x0000000060568000 	C:\Program Files\Java\jre7\bin\java.dll
0x0000000060520000 - 0x0000000060535000 	C:\Program Files\Java\jre7\bin\zip.dll
0x0000000180000000 - 0x0000000180050000 	C:\dev\bib\lwjgl-2.9.0\native\windows\lwjgl64.dll
0x000007ff23f10000 - 0x000007ff2402f000 	C:\Windows\SYSTEM32\OPENGL32.dll
0x000007ff2e510000 - 0x000007ff2e519000 	C:\Windows\SYSTEM32\VERSION.dll
0x000007ff29520000 - 0x000007ff2954c000 	C:\Windows\SYSTEM32\GLU32.dll
0x000007ff24760000 - 0x000007ff2484a000 	C:\Windows\SYSTEM32\DDRAW.dll
0x000007ff26ab0000 - 0x000007ff26ab8000 	C:\Windows\SYSTEM32\DCIMAN32.dll
0x000007ff2d8f0000 - 0x000007ff2d9d6000 	C:\Windows\system32\uxtheme.dll
0x000007ff2cc70000 - 0x000007ff2cc91000 	C:\Windows\SYSTEM32\dwmapi.dll
0x000007ff26aa0000 - 0x000007ff26aa9000 	C:\Windows\SYSTEM32\atig6pxx.dll
0x000000005e870000 - 0x000000006000a000 	C:\Windows\SYSTEM32\atio6axx.dll
0x000007ff30450000 - 0x000007ff30620000 	C:\Windows\system32\SETUPAPI.dll
0x000007ff2f4d0000 - 0x000007ff2f51f000 	C:\Windows\system32\CFGMGR32.dll
0x000007ff2f520000 - 0x000007ff2f542000 	C:\Windows\system32\DEVOBJ.dll
0x000007ff2c670000 - 0x000007ff2c71a000 	C:\Windows\SYSTEM32\atiadlxx.dll
0x000007ff30780000 - 0x000007ff31a60000 	C:\Windows\system32\SHELL32.dll
0x000007ff31f90000 - 0x000007ff3210e000 	C:\Windows\system32\ole32.dll
0x000007ff2c510000 - 0x000007ff2c66a000 	C:\Windows\SYSTEM32\PROPSYS.dll
0x000007ff2e850000 - 0x000007ff2e86f000 	C:\Windows\SYSTEM32\USERENV.dll
0x000007ff2e3b0000 - 0x000007ff2e3c1000 	C:\Windows\SYSTEM32\WTSAPI32.dll
0x000007ff2c420000 - 0x000007ff2c44a000 	C:\Windows\SYSTEM32\IPHLPAPI.DLL
0x000007ff301e0000 - 0x000007ff30390000 	C:\Windows\SYSTEM32\combase.dll
0x000007ff31bb0000 - 0x000007ff31c00000 	C:\Windows\system32\SHLWAPI.dll
0x000007ff32200000 - 0x000007ff322c3000 	C:\Windows\system32\OLEAUT32.dll
0x000007ff2f350000 - 0x000007ff2f365000 	C:\Windows\SYSTEM32\profapi.dll
0x000007ff2d360000 - 0x000007ff2d36a000 	C:\Windows\SYSTEM32\WINNSI.DLL
0x000007ff2f650000 - 0x000007ff2f6a5000 	C:\Windows\system32\WINTRUST.dll
0x000007ff2f6b0000 - 0x000007ff2f881000 	C:\Windows\system32\CRYPT32.dll
0x000007ff2f400000 - 0x000007ff2f416000 	C:\Windows\system32\MSASN1.dll
0x000007ff2b0d0000 - 0x000007ff2b1ec000 	C:\Windows\SYSTEM32\aticfx64.dll
0x000007ff2ea40000 - 0x000007ff2ead6000 	C:\Windows\SYSTEM32\SHCORE.dll
0x000007ff269e0000 - 0x000007ff269ef000 	C:\Windows\SYSTEM32\atig6txx.dll
0x000007ff2f270000 - 0x000007ff2f27a000 	C:\Windows\SYSTEM32\CRYPTBASE.dll
0x000007ff2f210000 - 0x000007ff2f26c000 	C:\Windows\SYSTEM32\bcryptPrimitives.dll
0x000007ff23e70000 - 0x000007ff23f01000 	C:\Windows\SYSTEM32\mscms.dll
0x000007ff265a0000 - 0x000007ff265e0000 	C:\Windows\SYSTEM32\icm32.dll
0x000007ff269c0000 - 0x000007ff269d3000 	C:\Windows\SYSTEM32\OpenCL.dll
0x000007ff10b60000 - 0x000007ff127ac000 	C:\Windows\SYSTEM32\amdocl64.dll
0x000007ff24d00000 - 0x000007ff24e63000 	C:\Windows\SYSTEM32\dbghelp.dll
0x0000000060010000 - 0x00000000604dd000 	C:\Windows\SYSTEM32\atiumd6a.dll
0x000000005e6d0000 - 0x000000005e863000 	C:\Program Files\Java\jre7\bin\awt.dll
0x0000000060f10000 - 0x0000000060f40000 	C:\Program Files\Java\jre7\bin\jpeg.dll
0x0000000060ed0000 - 0x0000000060f09000 	C:\Program Files\Java\jre7\bin\kcms.dll
0x000007ff14160000 - 0x000007ff14360000 	C:\Windows\system32\d3d9.dll
0x000007ff170c0000 - 0x000007ff170e0000 	C:\Windows\SYSTEM32\atiu9p64.dll
0x000007ff13aa0000 - 0x000007ff14158000 	C:\Windows\SYSTEM32\atiumd64.dll
0x0000000060e90000 - 0x0000000060ece000 	C:\Program Files\Java\jre7\bin\fontmanager.dll
0x0000000060500000 - 0x0000000060519000 	C:\Program Files\Java\jre7\bin\net.dll
0x000007ff2e870000 - 0x000007ff2e8cc000 	C:\Windows\system32\mswsock.dll
0x00000000604e0000 - 0x00000000604f1000 	C:\Program Files\Java\jre7\bin\nio.dll
0x0000000060e40000 - 0x0000000060e81000 	C:\Program Files\Java\jre7\bin\t2k.dll
0x000007ff303b0000 - 0x000007ff30446000 	C:\Windows\SYSTEM32\clbcatq.dll
0x000007ff2c720000 - 0x000007ff2c8b3000 	C:\Windows\SYSTEM32\WindowsCodecs.dll

VM Arguments:
jvm_args: -Djava.library.path=C:\dev\bib\lwjgl-2.9.0\native\windows;C:\dev\bib\lwjgl-2.9.0\native\windows -Dfile.encoding=Cp1252 
java_command: main.Rain
Launcher Type: SUN_STANDARD

Environment Variables:
PATH=C:\Program Files (x86)\Intel\iCLS Client\;C:\Program Files\Intel\iCLS Client\;C:\Windows\system32;C:\Windows;C:\Windows\System32\Wbem;C:\Windows\System32\WindowsPowerShell\v1.0\;C:\Program Files\Intel\Intel(R) Management Engine Components\DAL;C:\Program Files\Intel\Intel(R) Management Engine Components\IPT;C:\Program Files (x86)\Intel\Intel(R) Management Engine Components\DAL;C:\Program Files (x86)\Intel\Intel(R) Management Engine Components\IPT;C:\Program Files (x86)\ATI Technologies\ATI.ACE\Core-Static
USERNAME=Valentin
OS=Windows_NT
PROCESSOR_IDENTIFIER=Intel64 Family 6 Model 60 Stepping 3, GenuineIntel



---------------  S Y S T E M  ---------------

OS: Windows 8 , 64 bit Build 9200 

CPU:total 8 (4 cores per cpu, 2 threads per core) family 6 model 60 stepping 3, cmov, cx8, fxsr, mmx, sse, sse2, sse3, ssse3, sse4.1, sse4.2, popcnt, avx, avx2, ht, tsc, tscinvbit

Memory: 4k page, physical 16726892k(13503652k free), swap 33504108k(29031612k free)

vm_info: Java HotSpot(TM) 64-Bit Server VM (23.21-b01) for windows-amd64 JRE (1.7.0_21-b11), built on Apr  4 2013 08:11:28 by "java_re" with unknown MS VC++:1600

time: Wed Jun 12 16:20:23 2013
elapsed time: 4 seconds

