#
# A fatal error has been detected by the Java Runtime Environment:
#
#  EXCEPTION_ACCESS_VIOLATION (0xc0000005) at pc=0x00000000522e1f08, pid=4256, tid=1804
#
# JRE version: 7.0_17-b02
# Java VM: Java HotSpot(TM) 64-Bit Server VM (23.7-b01 mixed mode windows-amd64 compressed oops)
# Problematic frame:
# C  [nvoglv64.DLL+0x891f08]
#
# Failed to write core dump. Minidumps are not enabled by default on client versions of Windows
#
# If you would like to submit a bug report, please visit:
#   http://bugreport.sun.com/bugreport/crash.jsp
# The crash happened outside the Java Virtual Machine in native code.
# See problematic frame for where to report the bug.
#

---------------  T H R E A D  ---------------

Current thread (0x000000000234d800):  JavaThread "main" [_thread_in_native, id=1804, stack(0x0000000002450000,0x0000000002550000)]

siginfo: ExceptionCode=0xc0000005, reading address 0x000000000000900f

Registers:
RAX=0x000000000000900f, RBX=0x0000000000000510, RCX=0x00000000004a55c0, RDX=0x0000000000008246
RSP=0x000000000254eaa0, RBP=0x0000000000008246, RSI=0x0000000000008251, RDI=0x00000000531f44b0
R8 =0x0000000000008251, R9 =0x0000000000020071, R10=0x0000000000000000, R11=0x0000000000000200
R12=0x0000000000020071, R13=0x00000000004a55c0, R14=0x0000000000009148, R15=0x0000000000000000
RIP=0x00000000522e1f08, EFLAGS=0x0000000000010206

Top of Stack: (sp=0x000000000254eaa0)
0x000000000254eaa0:   0000000000000400 0000000000000042
0x000000000254eab0:   00000000532659ae 00000000000003b1
0x000000000254eac0:   0000000053265960 0000000000000042
0x000000000254ead0:   0000000000000000 0000000000000000
0x000000000254eae0:   0000000000000000 0000000000000012
0x000000000254eaf0:   0000000000000002 0000000000000001
0x000000000254eb00:   00000000531f44b0 00000000521ed405
0x000000000254eb10:   0000000000000002 000000000041c700
0x000000000254eb20:   0000000053265960 000000005300bb98
0x000000000254eb30:   0000000000009148 00000000ffffffff
0x000000000254eb40:   0000000053265960 0000000000000000
0x000000000254eb50:   000000000254ebc0 00000000521eda42
0x000000000254eb60:   000000000254ebd0 000000005327ae28
0x000000000254eb70:   0000000000020071 0000000000000042
0x000000000254eb80:   0000000000000000 0000000000000000
0x000000000254eb90:   000000000e57f520 000000000e57f5c0 

Instructions: (pc=0x00000000522e1f08)
0x00000000522e1ee8:   e1 41 8b c7 41 8b f0 8b ea 4c 8b e9 48 69 c0 f0
0x00000000522e1ef8:   04 00 00 48 8b 84 08 00 01 00 00 48 85 c0 74 19
0x00000000522e1f08:   39 10 75 0c 44 39 40 04 75 06 44 39 48 08 74 2e
0x00000000522e1f18:   48 8b 40 10 48 85 c0 75 e7 41 8b c6 48 89 5c 24 


Register to memory mapping:

RAX=0x000000000000900f is an unknown value
RBX=0x0000000000000510 is an unknown value
RCX=0x00000000004a55c0 is an unknown value
RDX=0x0000000000008246 is an unknown value
RSP=0x000000000254eaa0 is pointing into the stack for thread: 0x000000000234d800
RBP=0x0000000000008246 is an unknown value
RSI=0x0000000000008251 is an unknown value
RDI=0x00000000531f44b0 is an unknown value
R8 =0x0000000000008251 is an unknown value
R9 =0x0000000000020071 is an unknown value
R10=0x0000000000000000 is an unknown value
R11=0x0000000000000200 is an unknown value
R12=0x0000000000020071 is an unknown value
R13=0x00000000004a55c0 is an unknown value
R14=0x0000000000009148 is an unknown value
R15=0x0000000000000000 is an unknown value


Stack: [0x0000000002450000,0x0000000002550000],  sp=0x000000000254eaa0,  free space=1018k
Native frames: (J=compiled Java code, j=interpreted, Vv=VM code, C=native code)
C  [nvoglv64.DLL+0x891f08]

Java frames: (J=compiled Java code, j=interpreted, Vv=VM code)
j  org.lwjgl.opengl.WindowsContextImplementation.nDestroy(Ljava/nio/ByteBuffer;)V+0
j  org.lwjgl.opengl.WindowsContextImplementation.destroy(Lorg/lwjgl/opengl/PeerInfo;Ljava/nio/ByteBuffer;)V+1
j  org.lwjgl.opengl.ContextGL.checkDestroy()V+29
j  org.lwjgl.opengl.ContextGL.destroy()V+48
j  org.lwjgl.opengl.ContextGL.forceDestroy()V+5
j  org.lwjgl.opengl.DrawableGL.destroy()V+24
j  org.lwjgl.opengl.Display$5.destroy()V+19
j  org.lwjgl.opengl.Display.destroy()V+9
j  opengl.GL.destroy()V+6
j  main.Rain.main([Ljava/lang/String;)V+151
v  ~StubRoutines::call_stub

---------------  P R O C E S S  ---------------

Java Threads: ( => current thread )
  0x00000000132a7800 JavaThread "LWJGL Timer" daemon [_thread_blocked, id=1668, stack(0x000000000e130000,0x000000000e230000)]
  0x00000000086d5000 JavaThread "Java2D Disposer" daemon [_thread_blocked, id=2740, stack(0x000000000ddf0000,0x000000000def0000)]
  0x000000000868b800 JavaThread "Service Thread" daemon [_thread_blocked, id=4684, stack(0x0000000002350000,0x0000000002450000)]
  0x0000000008685000 JavaThread "C2 CompilerThread1" daemon [_thread_blocked, id=824, stack(0x0000000009940000,0x0000000009a40000)]
  0x0000000008677000 JavaThread "C2 CompilerThread0" daemon [_thread_blocked, id=2440, stack(0x00000000094b0000,0x00000000095b0000)]
  0x0000000008675800 JavaThread "Attach Listener" daemon [_thread_blocked, id=2380, stack(0x0000000009a40000,0x0000000009b40000)]
  0x0000000008674000 JavaThread "Signal Dispatcher" daemon [_thread_blocked, id=636, stack(0x0000000009830000,0x0000000009930000)]
  0x00000000085ed800 JavaThread "Finalizer" daemon [_thread_blocked, id=1732, stack(0x00000000095e0000,0x00000000096e0000)]
  0x00000000085e4800 JavaThread "Reference Handler" daemon [_thread_blocked, id=2688, stack(0x0000000009390000,0x0000000009490000)]
=>0x000000000234d800 JavaThread "main" [_thread_in_native, id=1804, stack(0x0000000002450000,0x0000000002550000)]

Other Threads:
  0x00000000085dd800 VMThread [stack: 0x0000000009190000,0x0000000009290000] [id=4112]
  0x0000000008696000 WatcherThread [stack: 0x0000000009290000,0x0000000009390000] [id=392]

VM state:not at safepoint (normal execution)

VM Mutex/Monitor currently owned by a thread: None

Heap
 PSYoungGen      total 198272K, used 160831K [0x00000000eb560000, 0x00000000ff020000, 0x0000000100000000)
  eden space 85440K, 79% used [0x00000000eb560000,0x00000000ef7e7e78,0x00000000f08d0000)
  from space 112832K, 82% used [0x00000000f08d0000,0x00000000f6358000,0x00000000f7700000)
  to   space 112832K, 0% used [0x00000000f81f0000,0x00000000f81f0000,0x00000000ff020000)
 ParOldGen       total 240640K, used 128527K [0x00000000c2000000, 0x00000000d0b00000, 0x00000000eb560000)
  object space 240640K, 53% used [0x00000000c2000000,0x00000000c9d83e10,0x00000000d0b00000)
 PSPermGen       total 21248K, used 6605K [0x00000000bce00000, 0x00000000be2c0000, 0x00000000c2000000)
  object space 21248K, 31% used [0x00000000bce00000,0x00000000bd473690,0x00000000be2c0000)

Card table byte_map: [0x0000000005550000,0x0000000005770000] byte_map_base: 0x0000000004f69000

Polling page: 0x0000000000320000

Code Cache  [0x0000000002550000, 0x00000000027c0000, 0x0000000005550000)
 total_blobs=533 nmethods=113 adapters=372 free_code_cache=48385Kb largest_free_block=49521472

Compilation events (10 events):
Event: 17.188 Thread 0x0000000008685000  101             org.lwjgl.opengl.APIUtil::encode (58 bytes)
Event: 17.193 Thread 0x0000000008685000 nmethod 101 0x0000000002600690 code [0x00000000026007e0, 0x0000000002600ab8]
Event: 17.478 Thread 0x0000000008677000  102             org.lwjgl.opengl.GLContext::getCapabilities (20 bytes)
Event: 17.479 Thread 0x0000000008677000 nmethod 102 0x0000000002601e50 code [0x0000000002601f80, 0x0000000002602018]
Event: 17.479 Thread 0x0000000008685000  103             org.lwjgl.opengl.GLContext::getCapabilitiesImpl (23 bytes)
Event: 17.479 Thread 0x0000000008685000 nmethod 103 0x0000000002600410 code [0x0000000002600540, 0x00000000026005d8]
Event: 20.681 Thread 0x0000000008677000  104             java.nio.Buffer::remaining (10 bytes)
Event: 20.681 Thread 0x0000000008677000 nmethod 104 0x0000000002600210 code [0x0000000002600340, 0x0000000002600398]
Event: 21.647 Thread 0x0000000008685000  105             org.lwjgl.opengl.Sync$RunningAvg::avg (37 bytes)
Event: 21.648 Thread 0x0000000008685000 nmethod 105 0x00000000025ffed0 code [0x0000000002600000, 0x0000000002600138]

GC Heap History (10 events):
Event: 7.185 GC heap before
{Heap before GC invocations=25 (full 3):
 PSYoungGen      total 174016K, used 137787K [0x00000000eb560000, 0x00000000fc720000, 0x0000000100000000)
  eden space 77824K, 100% used [0x00000000eb560000,0x00000000f0160000,0x00000000f0160000)
  from space 96192K, 62% used [0x00000000f0160000,0x00000000f3beee50,0x00000000f5f50000)
  to   space 94848K, 0% used [0x00000000f6a80000,0x00000000f6a80000,0x00000000fc720000)
 ParOldGen       total 235456K, used 159518K [0x00000000c2000000, 0x00000000d05f0000, 0x00000000eb560000)
  object space 235456K, 67% used [0x00000000c2000000,0x00000000cbbc7a70,0x00000000d05f0000)
 PSPermGen       total 21248K, used 6371K [0x00000000bce00000, 0x00000000be2c0000, 0x00000000c2000000)
  object space 21248K, 29% used [0x00000000bce00000,0x00000000bd438dd0,0x00000000be2c0000)
Event: 7.323 GC heap after
Heap after GC invocations=25 (full 3):
 PSYoungGen      total 167488K, used 94817K [0x00000000eb560000, 0x00000000fe9d0000, 0x0000000100000000)
  eden space 72640K, 0% used [0x00000000eb560000,0x00000000eb560000,0x00000000efc50000)
  from space 94848K, 99% used [0x00000000f6a80000,0x00000000fc7184a0,0x00000000fc720000)
  to   space 112832K, 0% used [0x00000000efc50000,0x00000000efc50000,0x00000000f6a80000)
 ParOldGen       total 235456K, used 180486K [0x00000000c2000000, 0x00000000d05f0000, 0x00000000eb560000)
  object space 235456K, 76% used [0x00000000c2000000,0x00000000cd041840,0x00000000d05f0000)
 PSPermGen       total 21248K, used 6371K [0x00000000bce00000, 0x00000000be2c0000, 0x00000000c2000000)
  object space 21248K, 29% used [0x00000000bce00000,0x00000000bd438dd0,0x00000000be2c0000)
}
Event: 7.421 GC heap before
{Heap before GC invocations=26 (full 3):
 PSYoungGen      total 167488K, used 167457K [0x00000000eb560000, 0x00000000fe9d0000, 0x0000000100000000)
  eden space 72640K, 100% used [0x00000000eb560000,0x00000000efc50000,0x00000000efc50000)
  from space 94848K, 99% used [0x00000000f6a80000,0x00000000fc7184a0,0x00000000fc720000)
  to   space 112832K, 0% used [0x00000000efc50000,0x00000000efc50000,0x00000000f6a80000)
 ParOldGen       total 235456K, used 180486K [0x00000000c2000000, 0x00000000d05f0000, 0x00000000eb560000)
  object space 235456K, 76% used [0x00000000c2000000,0x00000000cd041840,0x00000000d05f0000)
 PSPermGen       total 21248K, used 6371K [0x00000000bce00000, 0x00000000be2c0000, 0x00000000c2000000)
  object space 21248K, 29% used [0x00000000bce00000,0x00000000bd438dd0,0x00000000be2c0000)
Event: 7.641 GC heap after
Heap after GC invocations=26 (full 3):
 PSYoungGen      total 185472K, used 112801K [0x00000000eb560000, 0x00000000fe560000, 0x0000000100000000)
  eden space 72640K, 0% used [0x00000000eb560000,0x00000000eb560000,0x00000000efc50000)
  from space 112832K, 99% used [0x00000000efc50000,0x00000000f6a784a0,0x00000000f6a80000)
  to   space 112832K, 0% used [0x00000000f7730000,0x00000000f7730000,0x00000000fe560000)
 ParOldGen       total 236608K, used 236453K [0x00000000c2000000, 0x00000000d0710000, 0x00000000eb560000)
  object space 236608K, 99% used [0x00000000c2000000,0x00000000d06e9610,0x00000000d0710000)
 PSPermGen       total 21248K, used 6371K [0x00000000bce00000, 0x00000000be2c0000, 0x00000000c2000000)
  object space 21248K, 29% used [0x00000000bce00000,0x00000000bd438dd0,0x00000000be2c0000)
}
Event: 7.641 GC heap before
{Heap before GC invocations=27 (full 4):
 PSYoungGen      total 185472K, used 112801K [0x00000000eb560000, 0x00000000fe560000, 0x0000000100000000)
  eden space 72640K, 0% used [0x00000000eb560000,0x00000000eb560000,0x00000000efc50000)
  from space 112832K, 99% used [0x00000000efc50000,0x00000000f6a784a0,0x00000000f6a80000)
  to   space 112832K, 0% used [0x00000000f7730000,0x00000000f7730000,0x00000000fe560000)
 ParOldGen       total 236608K, used 236453K [0x00000000c2000000, 0x00000000d0710000, 0x00000000eb560000)
  object space 236608K, 99% used [0x00000000c2000000,0x00000000d06e9610,0x00000000d0710000)
 PSPermGen       total 21248K, used 6371K [0x00000000bce00000, 0x00000000be2c0000, 0x00000000c2000000)
  object space 21248K, 29% used [0x00000000bce00000,0x00000000bd438dd0,0x00000000be2c0000)
Event: 8.541 GC heap after
Heap after GC invocations=27 (full 4):
 PSYoungGen      total 185472K, used 0K [0x00000000eb560000, 0x00000000fe560000, 0x0000000100000000)
  eden space 72640K, 0% used [0x00000000eb560000,0x00000000eb560000,0x00000000efc50000)
  from space 112832K, 0% used [0x00000000efc50000,0x00000000efc50000,0x00000000f6a80000)
  to   space 112832K, 0% used [0x00000000f7730000,0x00000000f7730000,0x00000000fe560000)
 ParOldGen       total 240640K, used 128527K [0x00000000c2000000, 0x00000000d0b00000, 0x00000000eb560000)
  object space 240640K, 53% used [0x00000000c2000000,0x00000000c9d83e10,0x00000000d0b00000)
 PSPermGen       total 21248K, used 6371K [0x00000000bce00000, 0x00000000be2c0000, 0x00000000c2000000)
  object space 21248K, 29% used [0x00000000bce00000,0x00000000bd438dd0,0x00000000be2c0000)
}
Event: 8.645 GC heap before
{Heap before GC invocations=28 (full 4):
 PSYoungGen      total 185472K, used 72640K [0x00000000eb560000, 0x00000000fe560000, 0x0000000100000000)
  eden space 72640K, 100% used [0x00000000eb560000,0x00000000efc50000,0x00000000efc50000)
  from space 112832K, 0% used [0x00000000efc50000,0x00000000efc50000,0x00000000f6a80000)
  to   space 112832K, 0% used [0x00000000f7730000,0x00000000f7730000,0x00000000fe560000)
 ParOldGen       total 240640K, used 128527K [0x00000000c2000000, 0x00000000d0b00000, 0x00000000eb560000)
  object space 240640K, 53% used [0x00000000c2000000,0x00000000c9d83e10,0x00000000d0b00000)
 PSPermGen       total 21248K, used 6371K [0x00000000bce00000, 0x00000000be2c0000, 0x00000000c2000000)
  object space 21248K, 29% used [0x00000000bce00000,0x00000000bd438dd0,0x00000000be2c0000)
Event: 8.772 GC heap after
Heap after GC invocations=28 (full 4):
 PSYoungGen      total 198080K, used 74048K [0x00000000eb560000, 0x00000000fe530000, 0x0000000100000000)
  eden space 85440K, 0% used [0x00000000eb560000,0x00000000eb560000,0x00000000f08d0000)
  from space 112640K, 65% used [0x00000000f7730000,0x00000000fbf80000,0x00000000fe530000)
  to   space 112832K, 0% used [0x00000000f08d0000,0x00000000f08d0000,0x00000000f7700000)
 ParOldGen       total 240640K, used 128527K [0x00000000c2000000, 0x00000000d0b00000, 0x00000000eb560000)
  object space 240640K, 53% used [0x00000000c2000000,0x00000000c9d83e10,0x00000000d0b00000)
 PSPermGen       total 21248K, used 6371K [0x00000000bce00000, 0x00000000be2c0000, 0x00000000c2000000)
  object space 21248K, 29% used [0x00000000bce00000,0x00000000bd438dd0,0x00000000be2c0000)
}
Event: 9.048 GC heap before
{Heap before GC invocations=29 (full 4):
 PSYoungGen      total 198080K, used 159488K [0x00000000eb560000, 0x00000000fe530000, 0x0000000100000000)
  eden space 85440K, 100% used [0x00000000eb560000,0x00000000f08d0000,0x00000000f08d0000)
  from space 112640K, 65% used [0x00000000f7730000,0x00000000fbf80000,0x00000000fe530000)
  to   space 112832K, 0% used [0x00000000f08d0000,0x00000000f08d0000,0x00000000f7700000)
 ParOldGen       total 240640K, used 128527K [0x00000000c2000000, 0x00000000d0b00000, 0x00000000eb560000)
  object space 240640K, 53% used [0x00000000c2000000,0x00000000c9d83e10,0x00000000d0b00000)
 PSPermGen       total 21248K, used 6371K [0x00000000bce00000, 0x00000000be2c0000, 0x00000000c2000000)
  object space 21248K, 29% used [0x00000000bce00000,0x00000000bd438ea8,0x00000000be2c0000)
Event: 9.182 GC heap after
Heap after GC invocations=29 (full 4):
 PSYoungGen      total 198272K, used 92704K [0x00000000eb560000, 0x00000000ff020000, 0x0000000100000000)
  eden space 85440K, 0% used [0x00000000eb560000,0x00000000eb560000,0x00000000f08d0000)
  from space 112832K, 82% used [0x00000000f08d0000,0x00000000f6358000,0x00000000f7700000)
  to   space 112832K, 0% used [0x00000000f81f0000,0x00000000f81f0000,0x00000000ff020000)
 ParOldGen       total 240640K, used 128527K [0x00000000c2000000, 0x00000000d0b00000, 0x00000000eb560000)
  object space 240640K, 53% used [0x00000000c2000000,0x00000000c9d83e10,0x00000000d0b00000)
 PSPermGen       total 21248K, used 6371K [0x00000000bce00000, 0x00000000be2c0000, 0x00000000c2000000)
  object space 21248K, 29% used [0x00000000bce00000,0x00000000bd438ea8,0x00000000be2c0000)
}

Deoptimization events (2 events):
Event: 5.801 Thread 0x000000000234d800 Uncommon trap -83 fr.pc 0x00000000025ebc30
Event: 5.840 Thread 0x000000000234d800 Uncommon trap 202 fr.pc 0x00000000025e8e28

Internal exceptions (10 events):
Event: 6.764 Thread 0x000000000234d800 Threw 0x00000000ef46d690 at C:\jdk7u2_64p\jdk7u17\hotspot\src\share\vm\prims\jvm.cpp:1166
Event: 9.438 Thread 0x000000000234d800 Threw 0x00000000ef2e6c08 at C:\jdk7u2_64p\jdk7u17\hotspot\src\share\vm\prims\jvm.cpp:1166
Event: 9.441 Thread 0x000000000234d800 Threw 0x00000000ef2f1c58 at C:\jdk7u2_64p\jdk7u17\hotspot\src\share\vm\prims\jvm.cpp:1166
Event: 9.444 Thread 0x000000000234d800 Threw 0x00000000ef302ed8 at C:\jdk7u2_64p\jdk7u17\hotspot\src\share\vm\prims\jvm.cpp:1166
Event: 9.530 Thread 0x000000000234d800 Threw 0x00000000ef308e10 at C:\jdk7u2_64p\jdk7u17\hotspot\src\share\vm\prims\jvm.cpp:1166
Event: 9.873 Thread 0x000000000234d800 Threw 0x00000000ef6b49f8 at C:\jdk7u2_64p\jdk7u17\hotspot\src\share\vm\prims\jvm.cpp:1166
Event: 9.874 Thread 0x000000000234d800 Threw 0x00000000ef6b7ef0 at C:\jdk7u2_64p\jdk7u17\hotspot\src\share\vm\prims\jvm.cpp:1166
Event: 9.874 Thread 0x000000000234d800 Threw 0x00000000ef6bae60 at C:\jdk7u2_64p\jdk7u17\hotspot\src\share\vm\prims\jvm.cpp:1166
Event: 13.116 Thread 0x000000000234d800 Threw 0x00000000ef6c3280 at C:\jdk7u2_64p\jdk7u17\hotspot\src\share\vm\prims\jvm.cpp:1166
Event: 13.459 Thread 0x000000000234d800 Threw 0x00000000ef6c97f0 at C:\jdk7u2_64p\jdk7u17\hotspot\src\share\vm\prims\jvm.cpp:1166

Events (10 events):
Event: 10.648 loading class 0x000000000856f2f0
Event: 10.648 loading class 0x000000000856f2f0 done
Event: 10.648 loading class 0x0000000009bff910
Event: 10.648 loading class 0x0000000009bff910 done
Event: 10.648 loading class 0x00000000085702b0
Event: 10.649 loading class 0x00000000085702b0 done
Event: 13.116 loading class 0x0000000009be16e0
Event: 13.116 loading class 0x0000000009be16e0 done
Event: 13.459 loading class 0x0000000009bde020
Event: 13.459 loading class 0x0000000009bde020 done


Dynamic libraries:
0x000000013f710000 - 0x000000013f743000 	C:\Program Files\Java\jre7\bin\javaw.exe
0x0000000077160000 - 0x0000000077309000 	C:\Windows\SYSTEM32\ntdll.dll
0x0000000077040000 - 0x000000007715f000 	C:\Windows\system32\kernel32.dll
0x000007fefd670000 - 0x000007fefd6db000 	C:\Windows\system32\KERNELBASE.dll
0x000007fefdda0000 - 0x000007fefde7b000 	C:\Windows\system32\ADVAPI32.dll
0x000007fefdfe0000 - 0x000007fefe07f000 	C:\Windows\system32\msvcrt.dll
0x000007fefd990000 - 0x000007fefd9af000 	C:\Windows\SYSTEM32\sechost.dll
0x000007fefdea0000 - 0x000007fefdfcd000 	C:\Windows\system32\RPCRT4.dll
0x0000000076a80000 - 0x0000000076b7a000 	C:\Windows\system32\USER32.dll
0x000007fefeeb0000 - 0x000007fefef17000 	C:\Windows\system32\GDI32.dll
0x000007fefdfd0000 - 0x000007fefdfde000 	C:\Windows\system32\LPK.dll
0x000007fefdbc0000 - 0x000007fefdc89000 	C:\Windows\system32\USP10.dll
0x000007fefbdb0000 - 0x000007fefbfa4000 	C:\Windows\WinSxS\amd64_microsoft.windows.common-controls_6595b64144ccf1df_6.0.7601.17514_none_fa396087175ac9ac\COMCTL32.dll
0x000007feff310000 - 0x000007feff381000 	C:\Windows\system32\SHLWAPI.dll
0x000007fefdb00000 - 0x000007fefdb2e000 	C:\Windows\system32\IMM32.DLL
0x000007fefdc90000 - 0x000007fefdd99000 	C:\Windows\system32\MSCTF.dll
0x0000000064b70000 - 0x0000000064c41000 	C:\Program Files\Java\jre7\bin\msvcr100.dll
0x00000000637f0000 - 0x0000000063f0f000 	C:\Program Files\Java\jre7\bin\server\jvm.dll
0x000007fefb680000 - 0x000007fefb689000 	C:\Windows\system32\WSOCK32.dll
0x000007fefdab0000 - 0x000007fefdafd000 	C:\Windows\system32\WS2_32.dll
0x000007fefdbb0000 - 0x000007fefdbb8000 	C:\Windows\system32\NSI.dll
0x000007fefabc0000 - 0x000007fefabfb000 	C:\Windows\system32\WINMM.dll
0x0000000077320000 - 0x0000000077327000 	C:\Windows\system32\PSAPI.DLL
0x0000000072cf0000 - 0x0000000072cff000 	C:\Program Files\Java\jre7\bin\verify.dll
0x0000000064b40000 - 0x0000000064b68000 	C:\Program Files\Java\jre7\bin\java.dll
0x00000000719b0000 - 0x00000000719c5000 	C:\Program Files\Java\jre7\bin\zip.dll
0x0000000180000000 - 0x0000000180050000 	C:\Users\vbruder\Bachelor\lwjgl-2.8.5\native\windows\lwjgl64.dll
0x000007fef1dc0000 - 0x000007fef1edd000 	C:\Windows\system32\OPENGL32.dll
0x000007fef6a00000 - 0x000007fef6a2d000 	C:\Windows\system32\GLU32.dll
0x000007fef5610000 - 0x000007fef5701000 	C:\Windows\system32\DDRAW.dll
0x000007fefb2d0000 - 0x000007fefb2d8000 	C:\Windows\system32\DCIMAN32.dll
0x000007fefef20000 - 0x000007feff0f7000 	C:\Windows\system32\SETUPAPI.dll
0x000007fefd700000 - 0x000007fefd736000 	C:\Windows\system32\CFGMGR32.dll
0x000007feff390000 - 0x000007feff467000 	C:\Windows\system32\OLEAUT32.dll
0x000007feff100000 - 0x000007feff303000 	C:\Windows\system32\ole32.dll
0x000007fefd6e0000 - 0x000007fefd6fa000 	C:\Windows\system32\DEVOBJ.dll
0x000007fefb620000 - 0x000007fefb638000 	C:\Windows\system32\dwmapi.dll
0x000007fefc700000 - 0x000007fefc70c000 	C:\Windows\system32\VERSION.dll
0x000007fefbd00000 - 0x000007fefbd56000 	C:\Windows\system32\uxtheme.dll
0x0000000051a50000 - 0x0000000053434000 	C:\Windows\system32\nvoglv64.DLL
0x000007fefe120000 - 0x000007fefeea8000 	C:\Windows\system32\SHELL32.dll
0x000007fefc6d0000 - 0x000007fefc6fd000 	C:\Windows\system32\ntmarta.dll
0x000007fefda50000 - 0x000007fefdaa2000 	C:\Windows\system32\WLDAP32.dll
0x000007fefd4b0000 - 0x000007fefd4bf000 	C:\Windows\system32\CRYPTBASE.dll
0x000007fef6a90000 - 0x000007fef6b2c000 	C:\Windows\system32\mscms.dll
0x000007fefc910000 - 0x000007fefc92e000 	C:\Windows\system32\USERENV.dll
0x000007fefd5c0000 - 0x000007fefd5cf000 	C:\Windows\system32\profapi.dll
0x000007fef3b90000 - 0x000007fef3bd2000 	C:\Windows\system32\icm32.dll
0x0000000002320000 - 0x0000000002334000 	C:\Windows\system32\OpenCL.dll
0x000007feeb650000 - 0x000007feebdc9000 	C:\Windows\system32\nvopencl.dll
0x000007feefcb0000 - 0x000007feeff86000 	C:\Windows\system32\nvapi64.dll
0x000007fefd7e0000 - 0x000007fefd819000 	C:\Windows\system32\WINTRUST.dll
0x000007fefd820000 - 0x000007fefd98a000 	C:\Windows\system32\CRYPT32.dll
0x000007fefd660000 - 0x000007fefd66f000 	C:\Windows\system32\MSASN1.dll
0x00000000713c0000 - 0x0000000071553000 	C:\Program Files\Java\jre7\bin\awt.dll
0x00000000732e0000 - 0x0000000073310000 	C:\Program Files\Java\jre7\bin\jpeg.dll
0x000007fefba00000 - 0x000007fefbb25000 	C:\Windows\system32\dbghelp.dll

VM Arguments:
jvm_args: -Djava.library.path=C:\Users\vbruder\Bachelor\lwjgl-2.8.5\native\windows;C:\Users\vbruder\Bachelor\lwjgl-2.8.5\native\windows -Dfile.encoding=Cp1252 
java_command: main.Rain
Launcher Type: SUN_STANDARD

Environment Variables:
PATH=C:\Program Files (x86)\NVIDIA Corporation\PhysX\Common;C:\Program Files\NVIDIA GPU Computing Toolkit\CUDA\v4.1\\bin;C:\Program Files\NVIDIA GPU Computing Toolkit\CUDA\v4.1\libnvvp\;C:\Program Files\NVIDIA GPU Computing Toolkit\CUDA\v4.0\bin\;C:\Program Files (x86)\AMD APP\bin\x86_64;C:\Program Files (x86)\AMD APP\bin\x86;C:\Windows\system32;C:\Windows;C:\Windows\System32\Wbem;C:\Windows\System32\WindowsPowerShell\v1.0\;C:\Program Files (x86)\CMake 2.8\bin;C:\Program Files (x86)\NVIDIA Corporation\Cg\bin;C:\Program Files (x86)\NVIDIA Corporation\Cg\bin.x64
USERNAME=vbruder
OS=Windows_NT
PROCESSOR_IDENTIFIER=Intel64 Family 6 Model 23 Stepping 10, GenuineIntel



---------------  S Y S T E M  ---------------

OS: Windows 7 , 64 bit Build 7601 Service Pack 1

CPU:total 2 (2 cores per cpu, 1 threads per core) family 6 model 23 stepping 10, cmov, cx8, fxsr, mmx, sse, sse2, sse3, ssse3, sse4.1, tsc

Memory: 4k page, physical 4060788k(927152k free), swap 8119720k(3548124k free)

vm_info: Java HotSpot(TM) 64-Bit Server VM (23.7-b01) for windows-amd64 JRE (1.7.0_17-b02), built on Mar  1 2013 03:38:30 by "java_re" with unknown MS VC++:1600

time: Mon Apr 08 15:30:42 2013
elapsed time: 25 seconds

