#
# A fatal error has been detected by the Java Runtime Environment:
#
#  EXCEPTION_ACCESS_VIOLATION (0xc0000005) at pc=0x000007fee86069fa, pid=4632, tid=3144
#
# JRE version: 7.0_17-b02
# Java VM: Java HotSpot(TM) 64-Bit Server VM (23.7-b01 mixed mode windows-amd64 compressed oops)
# Problematic frame:
# C  [nvopencl.dll+0xb69fa]  clGetExtensionFunctionAddress+0x17ba
#
# Failed to write core dump. Minidumps are not enabled by default on client versions of Windows
#
# If you would like to submit a bug report, please visit:
#   http://bugreport.sun.com/bugreport/crash.jsp
# The crash happened outside the Java Virtual Machine in native code.
# See problematic frame for where to report the bug.
#

---------------  T H R E A D  ---------------

Current thread (0x0000000001f0d800):  JavaThread "main" [_thread_in_native, id=3144, stack(0x0000000002060000,0x0000000002160000)]

siginfo: ExceptionCode=0xc0000005, reading address 0x0000000000000000

Registers:
RAX=0x0000000000000000, RBX=0x0000000025087220, RCX=0x0000000000000000, RDX=0x0000000000000008
RSP=0x000000000215ef80, RBP=0x0000000000000000, RSI=0x000007fee8550000, RDI=0x0000000000000001
R8 =0x0000000000000001, R9 =0x0000000024f5d170, R10=0x0000000025087220, R11=0x0000000000000000
R12=0x0000000000000000, R13=0x000000002503b460, R14=0x0000000024f5d170, R15=0x0000000001f0d801
RIP=0x000007fee86069fa, EFLAGS=0x0000000000010202

Top of Stack: (sp=0x000000000215ef80)
0x000000000215ef80:   0000000025087220 000007fee8550000
0x000000000215ef90:   0000000000000000 0000000025087220
0x000000000215efa0:   0000000000000000 000007fee86069a3
0x000000000215efb0:   000000000f13cc50 000000000f13cdd0
0x000000000215efc0:   0000000000000000 0000000000000000
0x000000000215efd0:   0000000000000000 000007fee8606dd3
0x000000000215efe0:   0000000000000001 0000000000000000
0x000000000215eff0:   0000000000000000 0000000000000000
0x000000000215f000:   0000000000000000 000007fee8555695
0x000000000215f010:   000000000f13cde0 0000000000000000
0x000000000215f020:   0000000000000000 000007fee8606c0c
0x000000000215f030:   0000000025087220 000007fee86074d3
0x000000000215f040:   0000000025087220 000007fee8550000
0x000000000215f050:   0000000000000001 00000000000013e8
0x000000000215f060:   000000000f134ca8 0000000077023488
0x000000000215f070:   0000000000000000 00000000000013e8 

Instructions: (pc=0x000007fee86069fa)
0x000007fee86069da:   8b d5 0f 1f 40 00 48 8b 43 70 41 8b 4d 48 41 ff
0x000007fee86069ea:   c0 48 8b 04 10 48 83 c2 08 48 8b 80 b8 01 00 00
0x000007fee86069fa:   48 8b 0c c8 4a 89 4c 32 f8 44 3b 43 78 72 d7 8b
0x000007fee8606a0a:   53 78 4d 8b c6 49 8b cd e8 79 1f ff ff 44 8b e0 


Register to memory mapping:

RAX=0x0000000000000000 is an unknown value
RBX=0x0000000025087220 is an unknown value
RCX=0x0000000000000000 is an unknown value
RDX=0x0000000000000008 is an unknown value
RSP=0x000000000215ef80 is pointing into the stack for thread: 0x0000000001f0d800
RBP=0x0000000000000000 is an unknown value
RSI=0x000007fee8550000 is an unknown value
RDI=0x0000000000000001 is an unknown value
R8 =0x0000000000000001 is an unknown value
R9 =0x0000000024f5d170 is an unknown value
R10=0x0000000025087220 is an unknown value
R11=0x0000000000000000 is an unknown value
R12=0x0000000000000000 is an unknown value
R13=0x000000002503b460 is an unknown value
R14=0x0000000024f5d170 is an unknown value
R15=0x0000000001f0d801 is an unknown value


Stack: [0x0000000002060000,0x0000000002160000],  sp=0x000000000215ef80,  free space=1019k
Native frames: (J=compiled Java code, j=interpreted, Vv=VM code, C=native code)
C  [nvopencl.dll+0xb69fa]  clGetExtensionFunctionAddress+0x17ba

[error occurred during error reporting (printing native stack), id 0xc0000005]

Java frames: (J=compiled Java code, j=interpreted, Vv=VM code)
j  org.lwjgl.opencl.CL10GL.nclEnqueueAcquireGLObjects(JIJIJJJ)I+0
j  org.lwjgl.opencl.CL10GL.clEnqueueAcquireGLObjects(Lorg/lwjgl/opencl/CLCommandQueue;Lorg/lwjgl/opencl/CLMem;Lorg/lwjgl/PointerBuffer;Lorg/lwjgl/PointerBuffer;)I+58
j  opengl.OpenCL.clEnqueueAcquireGLObjects(Lorg/lwjgl/opencl/CLCommandQueue;Lorg/lwjgl/opencl/CLMem;Lorg/lwjgl/PointerBuffer;Lorg/lwjgl/PointerBuffer;)V+8
j  util.Raindrops.updateSimulation(J)V+23
j  main.Rain.animate(J)V+21
j  main.Rain.render()V+105
j  main.Rain.main([Ljava/lang/String;)V+136
v  ~StubRoutines::call_stub

---------------  P R O C E S S  ---------------

Java Threads: ( => current thread )
  0x0000000009cbb000 JavaThread "Java2D Disposer" daemon [_thread_blocked, id=4124, stack(0x000000000f3b0000,0x000000000f4b0000)]
  0x00000000084c9000 JavaThread "Service Thread" daemon [_thread_blocked, id=4740, stack(0x0000000009900000,0x0000000009a00000)]
  0x00000000084c6000 JavaThread "C2 CompilerThread1" daemon [_thread_blocked, id=4140, stack(0x0000000009670000,0x0000000009770000)]
  0x00000000084b4000 JavaThread "C2 CompilerThread0" daemon [_thread_blocked, id=5028, stack(0x00000000092b0000,0x00000000093b0000)]
  0x00000000084b2800 JavaThread "Attach Listener" daemon [_thread_blocked, id=200, stack(0x0000000009430000,0x0000000009530000)]
  0x00000000084b1000 JavaThread "Signal Dispatcher" daemon [_thread_blocked, id=4324, stack(0x0000000008d10000,0x0000000008e10000)]
  0x0000000008428000 JavaThread "Finalizer" daemon [_thread_blocked, id=4292, stack(0x0000000009150000,0x0000000009250000)]
  0x0000000008424800 JavaThread "Reference Handler" daemon [_thread_blocked, id=3864, stack(0x0000000009040000,0x0000000009140000)]
=>0x0000000001f0d800 JavaThread "main" [_thread_in_native, id=3144, stack(0x0000000002060000,0x0000000002160000)]

Other Threads:
  0x000000000841d800 VMThread [stack: 0x0000000008ec0000,0x0000000008fc0000] [id=732]
  0x00000000084d4000 WatcherThread [stack: 0x0000000009b00000,0x0000000009c00000] [id=4188]

VM state:not at safepoint (normal execution)

VM Mutex/Monitor currently owned by a thread: None

Heap
 PSYoungGen      total 168640K, used 105129K [0x00000000eb560000, 0x00000000fc0f0000, 0x0000000100000000)
  eden space 72704K, 62% used [0x00000000eb560000,0x00000000ee1937e0,0x00000000efc60000)
  from space 95936K, 62% used [0x00000000efc60000,0x00000000f36d6e50,0x00000000f5a10000)
  to   space 94656K, 0% used [0x00000000f6480000,0x00000000f6480000,0x00000000fc0f0000)
 ParOldGen       total 235392K, used 159749K [0x00000000c2000000, 0x00000000d05e0000, 0x00000000eb560000)
  object space 235392K, 67% used [0x00000000c2000000,0x00000000cbc015c0,0x00000000d05e0000)
 PSPermGen       total 21248K, used 6420K [0x00000000bce00000, 0x00000000be2c0000, 0x00000000c2000000)
  object space 21248K, 30% used [0x00000000bce00000,0x00000000bd445358,0x00000000be2c0000)

Card table byte_map: [0x0000000005160000,0x0000000005380000] byte_map_base: 0x0000000004b79000

Polling page: 0x0000000000100000

Code Cache  [0x0000000002160000, 0x00000000023d0000, 0x0000000005160000)
 total_blobs=502 nmethods=86 adapters=368 free_code_cache=48437Kb largest_free_block=49557696

Compilation events (10 events):
Event: 6.694 Thread 0x00000000084b4000    7 % !         util.Util::loadImage @ 85 (159 bytes)
Event: 6.703 Thread 0x00000000084b4000 nmethod 7% 0x0000000002202dd0 code [0x0000000002202fa0, 0x0000000002203748]
Event: 6.963 Thread 0x00000000084b4000   75             java.nio.Buffer::checkIndex (22 bytes)
Event: 6.963 Thread 0x00000000084b4000 nmethod 75 0x0000000002200210 code [0x0000000002200340, 0x00000000022003b8]
Event: 6.964 Thread 0x00000000084b4000   76             java.nio.DirectFloatBufferU::get (16 bytes)
Event: 6.964 Thread 0x00000000084b4000 nmethod 76 0x00000000022027d0 code [0x0000000002202900, 0x0000000002202978]
Event: 6.965 Thread 0x00000000084b4000    8 %           util.Raindrops::createBuffer @ 156 (319 bytes)
Event: 6.971 Thread 0x00000000084b4000 nmethod 8% 0x00000000021fefd0 code [0x00000000021ff140, 0x00000000021ff748]
Event: 7.060 Thread 0x00000000084b4000   78             java.nio.DirectByteBuffer::put (17 bytes)
Event: 7.060 Thread 0x00000000084b4000 nmethod 78 0x00000000021fed50 code [0x00000000021fee80, 0x00000000021fef18]

GC Heap History (10 events):
Event: 4.791 GC heap before
{Heap before GC invocations=20 (full 3):
 PSYoungGen      total 150400K, used 110752K [0x00000000eb560000, 0x00000000fa9f0000, 0x0000000100000000)
  eden space 51008K, 100% used [0x00000000eb560000,0x00000000ee730000,0x00000000ee730000)
  from space 99392K, 60% used [0x00000000f4830000,0x00000000f8288000,0x00000000fa940000)
  to   space 99328K, 0% used [0x00000000ee730000,0x00000000ee730000,0x00000000f4830000)
 ParOldGen       total 235392K, used 159749K [0x00000000c2000000, 0x00000000d05e0000, 0x00000000eb560000)
  object space 235392K, 67% used [0x00000000c2000000,0x00000000cbc015c0,0x00000000d05e0000)
 PSPermGen       total 21248K, used 6210K [0x00000000bce00000, 0x00000000be2c0000, 0x00000000c2000000)
  object space 21248K, 29% used [0x00000000bce00000,0x00000000bd410a08,0x00000000be2c0000)
Event: 4.874 GC heap after
Heap after GC invocations=20 (full 3):
 PSYoungGen      total 150336K, used 59712K [0x00000000eb560000, 0x00000000fb170000, 0x0000000100000000)
  eden space 51008K, 0% used [0x00000000eb560000,0x00000000eb560000,0x00000000ee730000)
  from space 99328K, 60% used [0x00000000ee730000,0x00000000f2180000,0x00000000f4830000)
  to   space 98880K, 0% used [0x00000000f50e0000,0x00000000f50e0000,0x00000000fb170000)
 ParOldGen       total 235392K, used 159749K [0x00000000c2000000, 0x00000000d05e0000, 0x00000000eb560000)
  object space 235392K, 67% used [0x00000000c2000000,0x00000000cbc015c0,0x00000000d05e0000)
 PSPermGen       total 21248K, used 6210K [0x00000000bce00000, 0x00000000be2c0000, 0x00000000c2000000)
  object space 21248K, 29% used [0x00000000bce00000,0x00000000bd410a08,0x00000000be2c0000)
}
Event: 4.943 GC heap before
{Heap before GC invocations=21 (full 3):
 PSYoungGen      total 150336K, used 110720K [0x00000000eb560000, 0x00000000fb170000, 0x0000000100000000)
  eden space 51008K, 100% used [0x00000000eb560000,0x00000000ee730000,0x00000000ee730000)
  from space 99328K, 60% used [0x00000000ee730000,0x00000000f2180000,0x00000000f4830000)
  to   space 98880K, 0% used [0x00000000f50e0000,0x00000000f50e0000,0x00000000fb170000)
 ParOldGen       total 235392K, used 159749K [0x00000000c2000000, 0x00000000d05e0000, 0x00000000eb560000)
  object space 235392K, 67% used [0x00000000c2000000,0x00000000cbc015c0,0x00000000d05e0000)
 PSPermGen       total 21248K, used 6210K [0x00000000bce00000, 0x00000000be2c0000, 0x00000000c2000000)
  object space 21248K, 29% used [0x00000000bce00000,0x00000000bd410a08,0x00000000be2c0000)
Event: 5.025 GC heap after
Heap after GC invocations=21 (full 3):
 PSYoungGen      total 158592K, used 59712K [0x00000000eb560000, 0x00000000fb060000, 0x0000000100000000)
  eden space 60800K, 0% used [0x00000000eb560000,0x00000000eb560000,0x00000000ef0c0000)
  from space 97792K, 61% used [0x00000000f50e0000,0x00000000f8b30000,0x00000000fb060000)
  to   space 98112K, 0% used [0x00000000ef0c0000,0x00000000ef0c0000,0x00000000f5090000)
 ParOldGen       total 235392K, used 159749K [0x00000000c2000000, 0x00000000d05e0000, 0x00000000eb560000)
  object space 235392K, 67% used [0x00000000c2000000,0x00000000cbc015c0,0x00000000d05e0000)
 PSPermGen       total 21248K, used 6210K [0x00000000bce00000, 0x00000000be2c0000, 0x00000000c2000000)
  object space 21248K, 29% used [0x00000000bce00000,0x00000000bd410a08,0x00000000be2c0000)
}
Event: 5.109 GC heap before
{Heap before GC invocations=22 (full 3):
 PSYoungGen      total 158592K, used 120512K [0x00000000eb560000, 0x00000000fb060000, 0x0000000100000000)
  eden space 60800K, 100% used [0x00000000eb560000,0x00000000ef0c0000,0x00000000ef0c0000)
  from space 97792K, 61% used [0x00000000f50e0000,0x00000000f8b30000,0x00000000fb060000)
  to   space 98112K, 0% used [0x00000000ef0c0000,0x00000000ef0c0000,0x00000000f5090000)
 ParOldGen       total 235392K, used 159749K [0x00000000c2000000, 0x00000000d05e0000, 0x00000000eb560000)
  object space 235392K, 67% used [0x00000000c2000000,0x00000000cbc015c0,0x00000000d05e0000)
 PSPermGen       total 21248K, used 6210K [0x00000000bce00000, 0x00000000be2c0000, 0x00000000c2000000)
  object space 21248K, 29% used [0x00000000bce00000,0x00000000bd410a08,0x00000000be2c0000)
Event: 5.191 GC heap after
Heap after GC invocations=22 (full 3):
 PSYoungGen      total 158912K, used 59712K [0x00000000eb560000, 0x00000000fb9e0000, 0x0000000100000000)
  eden space 60800K, 0% used [0x00000000eb560000,0x00000000eb560000,0x00000000ef0c0000)
  from space 98112K, 60% used [0x00000000ef0c0000,0x00000000f2b10000,0x00000000f5090000)
  to   space 97088K, 0% used [0x00000000f5b10000,0x00000000f5b10000,0x00000000fb9e0000)
 ParOldGen       total 235392K, used 159749K [0x00000000c2000000, 0x00000000d05e0000, 0x00000000eb560000)
  object space 235392K, 67% used [0x00000000c2000000,0x00000000cbc015c0,0x00000000d05e0000)
 PSPermGen       total 21248K, used 6210K [0x00000000bce00000, 0x00000000be2c0000, 0x00000000c2000000)
  object space 21248K, 29% used [0x00000000bce00000,0x00000000bd410a08,0x00000000be2c0000)
}
Event: 5.273 GC heap before
{Heap before GC invocations=23 (full 3):
 PSYoungGen      total 158912K, used 120512K [0x00000000eb560000, 0x00000000fb9e0000, 0x0000000100000000)
  eden space 60800K, 100% used [0x00000000eb560000,0x00000000ef0c0000,0x00000000ef0c0000)
  from space 98112K, 60% used [0x00000000ef0c0000,0x00000000f2b10000,0x00000000f5090000)
  to   space 97088K, 0% used [0x00000000f5b10000,0x00000000f5b10000,0x00000000fb9e0000)
 ParOldGen       total 235392K, used 159749K [0x00000000c2000000, 0x00000000d05e0000, 0x00000000eb560000)
  object space 235392K, 67% used [0x00000000c2000000,0x00000000cbc015c0,0x00000000d05e0000)
 PSPermGen       total 21248K, used 6210K [0x00000000bce00000, 0x00000000be2c0000, 0x00000000c2000000)
  object space 21248K, 29% used [0x00000000bce00000,0x00000000bd410a08,0x00000000be2c0000)
Event: 5.356 GC heap after
Heap after GC invocations=23 (full 3):
 PSYoungGen      total 167616K, used 59744K [0x00000000eb560000, 0x00000000fb7c0000, 0x0000000100000000)
  eden space 72704K, 0% used [0x00000000eb560000,0x00000000eb560000,0x00000000efc60000)
  from space 94912K, 62% used [0x00000000f5b10000,0x00000000f9568000,0x00000000fb7c0000)
  to   space 95936K, 0% used [0x00000000efc60000,0x00000000efc60000,0x00000000f5a10000)
 ParOldGen       total 235392K, used 159749K [0x00000000c2000000, 0x00000000d05e0000, 0x00000000eb560000)
  object space 235392K, 67% used [0x00000000c2000000,0x00000000cbc015c0,0x00000000d05e0000)
 PSPermGen       total 21248K, used 6210K [0x00000000bce00000, 0x00000000be2c0000, 0x00000000c2000000)
  object space 21248K, 29% used [0x00000000bce00000,0x00000000bd410a08,0x00000000be2c0000)
}
Event: 6.248 GC heap before
{Heap before GC invocations=24 (full 3):
 PSYoungGen      total 167616K, used 110856K [0x00000000eb560000, 0x00000000fb7c0000, 0x0000000100000000)
  eden space 72704K, 70% used [0x00000000eb560000,0x00000000ee74a158,0x00000000efc60000)
  from space 94912K, 62% used [0x00000000f5b10000,0x00000000f9568000,0x00000000fb7c0000)
  to   space 95936K, 0% used [0x00000000efc60000,0x00000000efc60000,0x00000000f5a10000)
 ParOldGen       total 235392K, used 159749K [0x00000000c2000000, 0x00000000d05e0000, 0x00000000eb560000)
  object space 235392K, 67% used [0x00000000c2000000,0x00000000cbc015c0,0x00000000d05e0000)
 PSPermGen       total 21248K, used 6396K [0x00000000bce00000, 0x00000000be2c0000, 0x00000000c2000000)
  object space 21248K, 30% used [0x00000000bce00000,0x00000000bd43f050,0x00000000be2c0000)
Event: 6.333 GC heap after
Heap after GC invocations=24 (full 3):
 PSYoungGen      total 168640K, used 59867K [0x00000000eb560000, 0x00000000fc0f0000, 0x0000000100000000)
  eden space 72704K, 0% used [0x00000000eb560000,0x00000000eb560000,0x00000000efc60000)
  from space 95936K, 62% used [0x00000000efc60000,0x00000000f36d6e50,0x00000000f5a10000)
  to   space 94656K, 0% used [0x00000000f6480000,0x00000000f6480000,0x00000000fc0f0000)
 ParOldGen       total 235392K, used 159749K [0x00000000c2000000, 0x00000000d05e0000, 0x00000000eb560000)
  object space 235392K, 67% used [0x00000000c2000000,0x00000000cbc015c0,0x00000000d05e0000)
 PSPermGen       total 21248K, used 6396K [0x00000000bce00000, 0x00000000be2c0000, 0x00000000c2000000)
  object space 21248K, 30% used [0x00000000bce00000,0x00000000bd43f050,0x00000000be2c0000)
}

Deoptimization events (3 events):
Event: 5.445 Thread 0x0000000001f0d800 Uncommon trap -83 fr.pc 0x00000000021fb6e0
Event: 5.481 Thread 0x0000000001f0d800 Uncommon trap 203 fr.pc 0x00000000021f82e8
Event: 6.991 Thread 0x0000000001f0d800 Uncommon trap 345 fr.pc 0x00000000021ff60c

Internal exceptions (10 events):
Event: 5.658 Thread 0x0000000001f0d800 Threw 0x00000000ee619098 at C:\jdk7u2_64p\jdk7u17\hotspot\src\share\vm\prims\jvm.cpp:1166
Event: 5.659 Thread 0x0000000001f0d800 Threw 0x00000000ee61c688 at C:\jdk7u2_64p\jdk7u17\hotspot\src\share\vm\prims\jvm.cpp:1166
Event: 5.664 Thread 0x0000000001f0d800 Threw 0x00000000ee6730e0 at C:\jdk7u2_64p\jdk7u17\hotspot\src\share\vm\prims\jvm.cpp:1166
Event: 5.664 Thread 0x0000000001f0d800 Threw 0x00000000ee679860 at C:\jdk7u2_64p\jdk7u17\hotspot\src\share\vm\prims\jvm.cpp:1166
Event: 5.685 Thread 0x0000000001f0d800 Threw 0x00000000ee6bb2d8 at C:\jdk7u2_64p\jdk7u17\hotspot\src\share\vm\prims\jvm.cpp:1166
Event: 5.686 Thread 0x0000000001f0d800 Threw 0x00000000ee6bf0a0 at C:\jdk7u2_64p\jdk7u17\hotspot\src\share\vm\prims\jvm.cpp:1166
Event: 6.244 Thread 0x0000000001f0d800 Threw 0x00000000ee6c2620 at C:\jdk7u2_64p\jdk7u17\hotspot\src\share\vm\prims\jvm.cpp:1166
Event: 6.246 Thread 0x0000000001f0d800 Threw 0x00000000ee6cd580 at C:\jdk7u2_64p\jdk7u17\hotspot\src\share\vm\prims\jvm.cpp:1166
Event: 6.629 Thread 0x0000000001f0d800 Threw 0x00000000ee0b1960 at C:\jdk7u2_64p\jdk7u17\hotspot\src\share\vm\prims\jvm.cpp:1166
Event: 7.057 Thread 0x0000000001f0d800 Threw 0x00000000ee0b4960 at C:\jdk7u2_64p\jdk7u17\hotspot\src\share\vm\prims\jvm.cpp:1166

Events (10 events):
Event: 6.353 Executing VM operation: RevokeBias
Event: 6.353 Executing VM operation: RevokeBias done
Event: 6.353 Executing VM operation: RevokeBias
Event: 6.353 Executing VM operation: RevokeBias done
Event: 6.628 loading class 0x00000000084e2b80
Event: 6.628 loading class 0x00000000084e2b80 done
Event: 6.991 Thread 0x0000000001f0d800 DEOPT PACKING pc=0x00000000021ff60c sp=0x000000000215f580
Event: 6.991 Thread 0x0000000001f0d800 DEOPT UNPACKING pc=0x0000000002199164 sp=0x000000000215f588 mode 2
Event: 7.057 loading class 0x0000000009d2db70
Event: 7.057 loading class 0x0000000009d2db70 done


Dynamic libraries:
0x000000013faf0000 - 0x000000013fb23000 	C:\Program Files\Java\jre7\bin\javaw.exe
0x0000000076fd0000 - 0x0000000077179000 	C:\Windows\SYSTEM32\ntdll.dll
0x0000000076eb0000 - 0x0000000076fcf000 	C:\Windows\system32\kernel32.dll
0x000007fefd160000 - 0x000007fefd1cb000 	C:\Windows\system32\KERNELBASE.dll
0x000007fefebf0000 - 0x000007fefeccb000 	C:\Windows\system32\ADVAPI32.dll
0x000007fefd920000 - 0x000007fefd9bf000 	C:\Windows\system32\msvcrt.dll
0x000007fefda90000 - 0x000007fefdaaf000 	C:\Windows\SYSTEM32\sechost.dll
0x000007fefdab0000 - 0x000007fefdbdd000 	C:\Windows\system32\RPCRT4.dll
0x0000000076db0000 - 0x0000000076eaa000 	C:\Windows\system32\USER32.dll
0x000007fefd340000 - 0x000007fefd3a7000 	C:\Windows\system32\GDI32.dll
0x000007fefe970000 - 0x000007fefe97e000 	C:\Windows\system32\LPK.dll
0x000007fefd3b0000 - 0x000007fefd479000 	C:\Windows\system32\USP10.dll
0x000007fefb770000 - 0x000007fefb964000 	C:\Windows\WinSxS\amd64_microsoft.windows.common-controls_6595b64144ccf1df_6.0.7601.17514_none_fa396087175ac9ac\COMCTL32.dll
0x000007fefeb40000 - 0x000007fefebb1000 	C:\Windows\system32\SHLWAPI.dll
0x000007fefebc0000 - 0x000007fefebee000 	C:\Windows\system32\IMM32.DLL
0x000007fefecd0000 - 0x000007fefedd9000 	C:\Windows\system32\MSCTF.dll
0x000000006c0d0000 - 0x000000006c1a1000 	C:\Program Files\Java\jre7\bin\msvcr100.dll
0x000000006b6f0000 - 0x000000006be0f000 	C:\Program Files\Java\jre7\bin\server\jvm.dll
0x000007fef2750000 - 0x000007fef2759000 	C:\Windows\system32\WSOCK32.dll
0x000007fefda40000 - 0x000007fefda8d000 	C:\Windows\system32\WS2_32.dll
0x000007feff1f0000 - 0x000007feff1f8000 	C:\Windows\system32\NSI.dll
0x000007fefadb0000 - 0x000007fefadeb000 	C:\Windows\system32\WINMM.dll
0x00000000771a0000 - 0x00000000771a7000 	C:\Windows\system32\PSAPI.DLL
0x0000000072230000 - 0x000000007223f000 	C:\Program Files\Java\jre7\bin\verify.dll
0x0000000072200000 - 0x0000000072228000 	C:\Program Files\Java\jre7\bin\java.dll
0x00000000721e0000 - 0x00000000721f5000 	C:\Program Files\Java\jre7\bin\zip.dll
0x0000000180000000 - 0x0000000180050000 	C:\Users\vbruder\Bachelor\lwjgl-2.8.5\native\windows\lwjgl64.dll
0x000007fef6ba0000 - 0x000007fef6cbd000 	C:\Windows\system32\OPENGL32.dll
0x000007fef97e0000 - 0x000007fef980d000 	C:\Windows\system32\GLU32.dll
0x000007fef9320000 - 0x000007fef9411000 	C:\Windows\system32\DDRAW.dll
0x000007fefabc0000 - 0x000007fefabc8000 	C:\Windows\system32\DCIMAN32.dll
0x000007fefede0000 - 0x000007fefefb7000 	C:\Windows\system32\SETUPAPI.dll
0x000007fefd120000 - 0x000007fefd156000 	C:\Windows\system32\CFGMGR32.dll
0x000007feff200000 - 0x000007feff2d7000 	C:\Windows\system32\OLEAUT32.dll
0x000007fefd480000 - 0x000007fefd683000 	C:\Windows\system32\ole32.dll
0x000007fefce70000 - 0x000007fefce8a000 	C:\Windows\system32\DEVOBJ.dll
0x000007fefb160000 - 0x000007fefb178000 	C:\Windows\system32\dwmapi.dll
0x000007fefba60000 - 0x000007fefba6c000 	C:\Windows\system32\VERSION.dll
0x000007fefb590000 - 0x000007fefb5e6000 	C:\Windows\system32\uxtheme.dll
0x000000005c140000 - 0x000000005db24000 	C:\Windows\system32\nvoglv64.DLL
0x000007fefdbe0000 - 0x000007fefe968000 	C:\Windows\system32\SHELL32.dll
0x000007fefba30000 - 0x000007fefba5d000 	C:\Windows\system32\ntmarta.dll
0x000007fefd9e0000 - 0x000007fefda32000 	C:\Windows\system32\WLDAP32.dll
0x000007fefcce0000 - 0x000007fefccef000 	C:\Windows\system32\CRYPTBASE.dll
0x000007fef9ed0000 - 0x000007fef9f6c000 	C:\Windows\system32\mscms.dll
0x000007fefc100000 - 0x000007fefc11e000 	C:\Windows\system32\USERENV.dll
0x000007fefcdb0000 - 0x000007fefcdbf000 	C:\Windows\system32\profapi.dll
0x000007fef9660000 - 0x000007fef96a2000 	C:\Windows\system32\icm32.dll
0x0000000002010000 - 0x0000000002024000 	C:\Windows\system32\OpenCL.dll
0x000007fee8550000 - 0x000007fee8cc9000 	C:\Windows\system32\nvopencl.dll
0x000007fef8fb0000 - 0x000007fef9286000 	C:\Windows\system32\nvapi64.dll
0x000007fefcf40000 - 0x000007fefcf79000 	C:\Windows\system32\WINTRUST.dll
0x000007fefcf90000 - 0x000007fefd0fa000 	C:\Windows\system32\CRYPT32.dll
0x000007fefce50000 - 0x000007fefce5f000 	C:\Windows\system32\MSASN1.dll
0x000000005bfa0000 - 0x000000005c133000 	C:\Program Files\Java\jre7\bin\awt.dll
0x000007fee6d20000 - 0x000007fee8543000 	C:\Windows\system32\nvcompiler.dll
0x000007feef3f0000 - 0x000007feef515000 	C:\Windows\system32\dbghelp.dll

VM Arguments:
jvm_args: -Djava.library.path=C:\Users\vbruder\Bachelor\lwjgl-2.8.5\native\windows;C:\Users\vbruder\Bachelor\lwjgl-2.8.5\native\windows -Dfile.encoding=Cp1252 
java_command: main.Rain
Launcher Type: SUN_STANDARD

Environment Variables:
PATH=C:\Program Files (x86)\NVIDIA Corporation\PhysX\Common;C:\Program Files\NVIDIA GPU Computing Toolkit\CUDA\v4.1\\bin;C:\Program Files\NVIDIA GPU Computing Toolkit\CUDA\v4.1\libnvvp\;C:\Program Files\NVIDIA GPU Computing Toolkit\CUDA\v4.0\bin\;C:\Program Files (x86)\AMD APP\bin\x86_64;C:\Program Files (x86)\AMD APP\bin\x86;C:\Windows\system32;C:\Windows;C:\Windows\System32\Wbem;C:\Windows\System32\WindowsPowerShell\v1.0\;C:\Program Files (x86)\CMake 2.8\bin;C:\Program Files (x86)\NVIDIA Corporation\Cg\bin;C:\Program Files (x86)\NVIDIA Corporation\Cg\bin.x64
USERNAME=vbruder
OS=Windows_NT
PROCESSOR_IDENTIFIER=Intel64 Family 6 Model 23 Stepping 10, GenuineIntel



---------------  S Y S T E M  ---------------

OS: Windows 7 , 64 bit Build 7601 Service Pack 1

CPU:total 2 (2 cores per cpu, 1 threads per core) family 6 model 23 stepping 10, cmov, cx8, fxsr, mmx, sse, sse2, sse3, ssse3, sse4.1, tsc

Memory: 4k page, physical 4060788k(978752k free), swap 8119716k(3947656k free)

vm_info: Java HotSpot(TM) 64-Bit Server VM (23.7-b01) for windows-amd64 JRE (1.7.0_17-b02), built on Mar  1 2013 03:38:30 by "java_re" with unknown MS VC++:1600

time: Wed Apr 24 15:54:58 2013
elapsed time: 7 seconds

