#
# A fatal error has been detected by the Java Runtime Environment:
#
#  EXCEPTION_ACCESS_VIOLATION (0xc0000005) at pc=0x000000005c8a5400, pid=2320, tid=3660
#
# JRE version: 7.0_13-b20
# Java VM: Java HotSpot(TM) 64-Bit Server VM (23.7-b01 mixed mode windows-amd64 compressed oops)
# Problematic frame:
# V  [jvm.dll+0x25400]
#
# Failed to write core dump. Minidumps are not enabled by default on client versions of Windows
#
# If you would like to submit a bug report, please visit:
#   http://bugreport.sun.com/bugreport/crash.jsp
#

---------------  T H R E A D  ---------------

Current thread (0x0000000002aad800):  GCTaskThread [stack: 0x0000000005ff0000,0x00000000060f0000] [id=3660]

siginfo: ExceptionCode=0xc0000005, reading address 0x0000000000e008a8

Registers:
RAX=0x0000000000000001, RBX=0x00000000eb3b73e0, RCX=0x00000000eb3b73e0, RDX=0x0000000000e008a0
RSP=0x00000000060ef958, RBP=0x0000000000000000, RSI=0x0000000008dac1e0, RDI=0x0000000008dac1e0
R8 =0x0000000008dac1e0, R9 =0x00000000eb3b73e0, R10=0x0000000000000002, R11=0x000000005cdd80d8
R12=0x000000005cdad300, R13=0x0000000000000001, R14=0x0000000000000000, R15=0x0000000002aadce0
RIP=0x000000005c8a5400, EFLAGS=0x0000000000010206

Top of Stack: (sp=0x00000000060ef958)
0x00000000060ef958:   000000005cbe22d6 00000000f278bbdd
0x00000000060ef968:   00000000f278bbdd 0000000008dac1e0
0x00000000060ef978:   000000000000a282 00000000f41e8000
0x00000000060ef988:   000000005cbe29b4 00000000ef4e52a0
0x00000000060ef998:   00000000ed47cfa5 0000000000000000
0x00000000060ef9a8:   0000000002aabb00 000000005cdad300
0x00000000060ef9b8:   000000005cbe2660 00000000f278bbdc
0x00000000060ef9c8:   0000000000000000 0000000008dac1e0
0x00000000060ef9d8:   0000000008dac1e0 00000000f278bbdc
0x00000000060ef9e8:   000000005cbe3222 00000000eb3a9848
0x00000000060ef9f8:   0000000000000000 0000000008dac1e0
0x00000000060efa08:   0000000005c9d181 0000000008dac1e0
0x00000000060efa18:   0000000005c9d14a 00000000c52c0008
0x00000000060efa28:   0000000000000c00 0000000000000000
0x00000000060efa38:   0000000005cbed00 000000000120d800
0x00000000060efa48:   000000005ca30301 00000000060efa01 

Instructions: (pc=0x000000005c8a5400)
0x000000005c8a53e0:   0d 44 0f b7 c0 48 83 c1 48 e8 88 7d 4c 00 48 83
0x000000005c8a53f0:   c4 28 c3 cc cc cc cc cc cc cc cc cc cc cc cc cc
0x000000005c8a5400:   44 8b 42 08 4c 8b ca 45 85 c0 7e 0e 41 f6 c0 01
0x000000005c8a5410:   75 57 41 c1 f8 03 41 8b c0 c3 79 4d 80 3d f5 68 


Register to memory mapping:

RAX=0x0000000000000001 is an unknown value
RBX=0x00000000eb3b73e0 is an unknown value
RCX=0x00000000eb3b73e0 is an unknown value
RDX=0x0000000000e008a0 is an unknown value
RSP=0x00000000060ef958 is an unknown value
RBP=0x0000000000000000 is an unknown value
RSI=0x0000000008dac1e0 is an unknown value
RDI=0x0000000008dac1e0 is an unknown value
R8 =0x0000000008dac1e0 is an unknown value
R9 =0x00000000eb3b73e0 is an unknown value
R10=0x0000000000000002 is an unknown value
R11=0x000000005cdd80d8 is an unknown value
R12=0x000000005cdad300 is an unknown value
R13=0x0000000000000001 is an unknown value
R14=0x0000000000000000 is an unknown value
R15=0x0000000002aadce0 is an unknown value


Stack: [0x0000000005ff0000,0x00000000060f0000],  sp=0x00000000060ef958,  free space=1022k
Native frames: (J=compiled Java code, j=interpreted, Vv=VM code, C=native code)
V  [jvm.dll+0x25400]

[error occurred during error reporting (printing native stack), id 0xc0000005]


---------------  P R O C E S S  ---------------

Java Threads: ( => current thread )
  0x000000000a50c000 JavaThread "Java2D Disposer" daemon [_thread_blocked, id=440, stack(0x000000000f0f0000,0x000000000f1f0000)]
  0x0000000008e3b800 JavaThread "Service Thread" daemon [_thread_blocked, id=4472, stack(0x0000000009fd0000,0x000000000a0d0000)]
  0x0000000008e3b000 JavaThread "C2 CompilerThread1" daemon [_thread_blocked, id=3512, stack(0x0000000009ed0000,0x0000000009fd0000)]
  0x0000000008e2b800 JavaThread "C2 CompilerThread0" daemon [_thread_blocked, id=6092, stack(0x0000000009dd0000,0x0000000009ed0000)]
  0x0000000008e2a000 JavaThread "Attach Listener" daemon [_thread_blocked, id=2968, stack(0x0000000009cd0000,0x0000000009dd0000)]
  0x0000000008e26000 JavaThread "Signal Dispatcher" daemon [_thread_blocked, id=4808, stack(0x0000000009bd0000,0x0000000009cd0000)]
  0x0000000008dc0000 JavaThread "Finalizer" daemon [_thread_blocked, id=3176, stack(0x0000000009ad0000,0x0000000009bd0000)]
  0x0000000008db8000 JavaThread "Reference Handler" daemon [_thread_blocked, id=3528, stack(0x00000000099d0000,0x0000000009ad0000)]
  0x000000000120d800 JavaThread "main" [_thread_blocked, id=5488, stack(0x00000000029a0000,0x0000000002aa0000)]

Other Threads:
  0x0000000008dae000 VMThread [stack: 0x00000000098d0000,0x00000000099d0000] [id=6024]
  0x0000000008e44800 WatcherThread [stack: 0x000000000a0d0000,0x000000000a1d0000] [id=476]

=>0x0000000002aad800 (exited) GCTaskThread [stack: 0x0000000005ff0000,0x00000000060f0000] [id=3660]

VM state:at safepoint (normal execution)

VM Mutex/Monitor currently owned by a thread:  ([mutex/lock_event])
[0x000000000120ac40] Threads_lock - owner thread: 0x0000000008dae000
[0x000000000120b4c0] Heap_lock - owner thread: 0x000000000120d800

Heap
 PSYoungGen      total 73408K, used 73408K [0x00000000eaab0000, 0x00000000f5100000, 0x0000000100000000)
  eden space 32384K, 100% used [0x00000000eaab0000,0x00000000eca50000,0x00000000eca50000)
  from space 41024K, 100% used [0x00000000eca50000,0x00000000ef260000,0x00000000ef260000)
  to   space 62272K, 100% used [0x00000000f1430000,0x00000000f5100000,0x00000000f5100000)
 ParOldGen       total 156864K, used 122090K [0x00000000c0000000, 0x00000000c9930000, 0x00000000eaab0000)
  object space 156864K, 77% used [0x00000000c0000000,0x00000000c773abe0,0x00000000c9930000)
 PSPermGen       total 21248K, used 6153K [0x00000000bae00000, 0x00000000bc2c0000, 0x00000000c0000000)
  object space 21248K, 28% used [0x00000000bae00000,0x00000000bb4026b8,0x00000000bc2c0000)

Card table byte_map: [0x0000000005c60000,0x0000000005e90000] byte_map_base: 0x0000000005689000

Polling page: 0x00000000011c0000

Code Cache  [0x0000000002ba0000, 0x0000000002e10000, 0x0000000005ba0000)
 total_blobs=422 nmethods=31 adapters=343 free_code_cache=48612Kb largest_free_block=49760512

Compilation events (10 events):
Event: 0.801 Thread 0x0000000008e2b800 nmethod 25 0x0000000002c253d0 code [0x0000000002c25500, 0x0000000002c25878]
Event: 0.801 Thread 0x0000000008e2b800    2 %           com.sun.imageio.plugins.png.PNGImageReader::decodeUpFilter @ 3 (53 bytes)
Event: 0.804 Thread 0x0000000008e2b800 nmethod 2% 0x0000000002c24ed0 code [0x0000000002c25020, 0x0000000002c252d8]
Event: 0.807 Thread 0x0000000008e2b800   27             com.sun.imageio.plugins.png.PNGImageReader::decodeUpFilter (53 bytes)
Event: 0.809 Thread 0x0000000008e2b800 nmethod 27 0x0000000002c24b10 code [0x0000000002c24c40, 0x0000000002c24e38]
Event: 0.825 Thread 0x0000000008e3b000 nmethod 26 0x0000000002c29090 code [0x0000000002c29220, 0x0000000002c2aac8]
Event: 0.923 Thread 0x0000000008e2b800   28             java.io.BufferedInputStream::getBufIfOpen (21 bytes)
Event: 0.924 Thread 0x0000000008e2b800 nmethod 28 0x0000000002c248d0 code [0x0000000002c24a00, 0x0000000002c24a78]
Event: 1.060 Thread 0x0000000008e3b000   29             java.util.zip.ZStreamRef::address (5 bytes)
Event: 1.060 Thread 0x0000000008e3b000 nmethod 29 0x0000000002c27750 code [0x0000000002c27880, 0x0000000002c278d8]

GC Heap History (10 events):
Event: 1.446 GC heap after
Heap after GC invocations=5 (full 1):
 PSYoungGen      total 27584K, used 2688K [0x00000000eaab0000, 0x00000000ed010000, 0x0000000100000000)
  eden space 24896K, 0% used [0x00000000eaab0000,0x00000000eaab0000,0x00000000ec300000)
  from space 2688K, 100% used [0x00000000ecd70000,0x00000000ed010000,0x00000000ed010000)
  to   space 2688K, 0% used [0x00000000ecad0000,0x00000000ecad0000,0x00000000ecd70000)
 ParOldGen       total 88192K, used 57524K [0x00000000c0000000, 0x00000000c5620000, 0x00000000eaab0000)
  object space 88192K, 65% used [0x00000000c0000000,0x00000000c382d070,0x00000000c5620000)
 PSPermGen       total 21248K, used 6153K [0x00000000bae00000, 0x00000000bc2c0000, 0x00000000c0000000)
  object space 21248K, 28% used [0x00000000bae00000,0x00000000bb4026b8,0x00000000bc2c0000)
}
Event: 1.482 GC heap before
{Heap before GC invocations=6 (full 1):
 PSYoungGen      total 27584K, used 27584K [0x00000000eaab0000, 0x00000000ed010000, 0x0000000100000000)
  eden space 24896K, 100% used [0x00000000eaab0000,0x00000000ec300000,0x00000000ec300000)
  from space 2688K, 100% used [0x00000000ecd70000,0x00000000ed010000,0x00000000ed010000)
  to   space 2688K, 0% used [0x00000000ecad0000,0x00000000ecad0000,0x00000000ecd70000)
 ParOldGen       total 88192K, used 57524K [0x00000000c0000000, 0x00000000c5620000, 0x00000000eaab0000)
  object space 88192K, 65% used [0x00000000c0000000,0x00000000c382d070,0x00000000c5620000)
 PSPermGen       total 21248K, used 6153K [0x00000000bae00000, 0x00000000bc2c0000, 0x00000000c0000000)
  object space 21248K, 28% used [0x00000000bae00000,0x00000000bb4026b8,0x00000000bc2c0000)
Event: 1.528 GC heap after
Heap after GC invocations=6 (full 1):
 PSYoungGen      total 35584K, used 2688K [0x00000000eaab0000, 0x00000000f12d0000, 0x0000000100000000)
  eden space 32896K, 0% used [0x00000000eaab0000,0x00000000eaab0000,0x00000000ecad0000)
  from space 2688K, 100% used [0x00000000ecad0000,0x00000000ecd70000,0x00000000ecd70000)
  to   space 33216K, 0% used [0x00000000ef260000,0x00000000ef260000,0x00000000f12d0000)
 ParOldGen       total 88192K, used 82481K [0x00000000c0000000, 0x00000000c5620000, 0x00000000eaab0000)
  object space 88192K, 93% used [0x00000000c0000000,0x00000000c508c670,0x00000000c5620000)
 PSPermGen       total 21248K, used 6153K [0x00000000bae00000, 0x00000000bc2c0000, 0x00000000c0000000)
  object space 21248K, 28% used [0x00000000bae00000,0x00000000bb4026b8,0x00000000bc2c0000)
}
Event: 1.528 GC heap before
{Heap before GC invocations=7 (full 2):
 PSYoungGen      total 35584K, used 2688K [0x00000000eaab0000, 0x00000000f12d0000, 0x0000000100000000)
  eden space 32896K, 0% used [0x00000000eaab0000,0x00000000eaab0000,0x00000000ecad0000)
  from space 2688K, 100% used [0x00000000ecad0000,0x00000000ecd70000,0x00000000ecd70000)
  to   space 33216K, 0% used [0x00000000ef260000,0x00000000ef260000,0x00000000f12d0000)
 ParOldGen       total 88192K, used 82481K [0x00000000c0000000, 0x00000000c5620000, 0x00000000eaab0000)
  object space 88192K, 93% used [0x00000000c0000000,0x00000000c508c670,0x00000000c5620000)
 PSPermGen       total 21248K, used 6153K [0x00000000bae00000, 0x00000000bc2c0000, 0x00000000c0000000)
  object space 21248K, 28% used [0x00000000bae00000,0x00000000bb4026b8,0x00000000bc2c0000)
Event: 2.081 GC heap after
Heap after GC invocations=7 (full 2):
 PSYoungGen      total 35584K, used 0K [0x00000000eaab0000, 0x00000000f12d0000, 0x0000000100000000)
  eden space 32896K, 0% used [0x00000000eaab0000,0x00000000eaab0000,0x00000000ecad0000)
  from space 2688K, 0% used [0x00000000ecad0000,0x00000000ecad0000,0x00000000ecd70000)
  to   space 33216K, 0% used [0x00000000ef260000,0x00000000ef260000,0x00000000f12d0000)
 ParOldGen       total 156864K, used 84858K [0x00000000c0000000, 0x00000000c9930000, 0x00000000eaab0000)
  object space 156864K, 54% used [0x00000000c0000000,0x00000000c52debe0,0x00000000c9930000)
 PSPermGen       total 21248K, used 6153K [0x00000000bae00000, 0x00000000bc2c0000, 0x00000000c0000000)
  object space 21248K, 28% used [0x00000000bae00000,0x00000000bb4026b8,0x00000000bc2c0000)
}
Event: 2.131 GC heap before
{Heap before GC invocations=8 (full 2):
 PSYoungGen      total 35584K, used 32896K [0x00000000eaab0000, 0x00000000f12d0000, 0x0000000100000000)
  eden space 32896K, 100% used [0x00000000eaab0000,0x00000000ecad0000,0x00000000ecad0000)
  from space 2688K, 0% used [0x00000000ecad0000,0x00000000ecad0000,0x00000000ecd70000)
  to   space 33216K, 0% used [0x00000000ef260000,0x00000000ef260000,0x00000000f12d0000)
 ParOldGen       total 156864K, used 84858K [0x00000000c0000000, 0x00000000c9930000, 0x00000000eaab0000)
  object space 156864K, 54% used [0x00000000c0000000,0x00000000c52debe0,0x00000000c9930000)
 PSPermGen       total 21248K, used 6153K [0x00000000bae00000, 0x00000000bc2c0000, 0x00000000c0000000)
  object space 21248K, 28% used [0x00000000bae00000,0x00000000bb4026b8,0x00000000bc2c0000)
Event: 2.187 GC heap after
Heap after GC invocations=8 (full 2):
 PSYoungGen      total 65600K, used 33216K [0x00000000eaab0000, 0x00000000f2520000, 0x0000000100000000)
  eden space 32384K, 0% used [0x00000000eaab0000,0x00000000eaab0000,0x00000000eca50000)
  from space 33216K, 100% used [0x00000000ef260000,0x00000000f12d0000,0x00000000f12d0000)
  to   space 41024K, 0% used [0x00000000eca50000,0x00000000eca50000,0x00000000ef260000)
 ParOldGen       total 156864K, used 85114K [0x00000000c0000000, 0x00000000c9930000, 0x00000000eaab0000)
  object space 156864K, 54% used [0x00000000c0000000,0x00000000c531ebe0,0x00000000c9930000)
 PSPermGen       total 21248K, used 6153K [0x00000000bae00000, 0x00000000bc2c0000, 0x00000000c0000000)
  object space 21248K, 28% used [0x00000000bae00000,0x00000000bb4026b8,0x00000000bc2c0000)
}
Event: 2.234 GC heap before
{Heap before GC invocations=9 (full 2):
 PSYoungGen      total 65600K, used 65600K [0x00000000eaab0000, 0x00000000f2520000, 0x0000000100000000)
  eden space 32384K, 100% used [0x00000000eaab0000,0x00000000eca50000,0x00000000eca50000)
  from space 33216K, 100% used [0x00000000ef260000,0x00000000f12d0000,0x00000000f12d0000)
  to   space 41024K, 0% used [0x00000000eca50000,0x00000000eca50000,0x00000000ef260000)
 ParOldGen       total 156864K, used 85114K [0x00000000c0000000, 0x00000000c9930000, 0x00000000eaab0000)
  object space 156864K, 54% used [0x00000000c0000000,0x00000000c531ebe0,0x00000000c9930000)
 PSPermGen       total 21248K, used 6153K [0x00000000bae00000, 0x00000000bc2c0000, 0x00000000c0000000)
  object space 21248K, 28% used [0x00000000bae00000,0x00000000bb4026b8,0x00000000bc2c0000)
Event: 2.338 GC heap after
Heap after GC invocations=9 (full 2):
 PSYoungGen      total 73408K, used 41024K [0x00000000eaab0000, 0x00000000f5100000, 0x0000000100000000)
  eden space 32384K, 0% used [0x00000000eaab0000,0x00000000eaab0000,0x00000000eca50000)
  from space 41024K, 100% used [0x00000000eca50000,0x00000000ef260000,0x00000000ef260000)
  to   space 62272K, 0% used [0x00000000f1430000,0x00000000f1430000,0x00000000f5100000)
 ParOldGen       total 156864K, used 110330K [0x00000000c0000000, 0x00000000c9930000, 0x00000000eaab0000)
  object space 156864K, 70% used [0x00000000c0000000,0x00000000c6bbebe0,0x00000000c9930000)
 PSPermGen       total 21248K, used 6153K [0x00000000bae00000, 0x00000000bc2c0000, 0x00000000c0000000)
  object space 21248K, 28% used [0x00000000bae00000,0x00000000bb4026b8,0x00000000bc2c0000)
}
Event: 2.382 GC heap before
{Heap before GC invocations=10 (full 2):
 PSYoungGen      total 73408K, used 73408K [0x00000000eaab0000, 0x00000000f5100000, 0x0000000100000000)
  eden space 32384K, 100% used [0x00000000eaab0000,0x00000000eca50000,0x00000000eca50000)
  from space 41024K, 100% used [0x00000000eca50000,0x00000000ef260000,0x00000000ef260000)
  to   space 62272K, 0% used [0x00000000f1430000,0x00000000f1430000,0x00000000f5100000)
 ParOldGen       total 156864K, used 110330K [0x00000000c0000000, 0x00000000c9930000, 0x00000000eaab0000)
  object space 156864K, 70% used [0x00000000c0000000,0x00000000c6bbebe0,0x00000000c9930000)
 PSPermGen       total 21248K, used 6153K [0x00000000bae00000, 0x00000000bc2c0000, 0x00000000c0000000)
  object space 21248K, 28% used [0x00000000bae00000,0x00000000bb4026b8,0x00000000bc2c0000)

Deoptimization events (0 events):
No events

Internal exceptions (10 events):
Event: 0.743 Thread 0x000000000120d800 Threw 0x00000000eaf16070 at C:\jdk7u2_64p\jdk7u13\hotspot\src\share\vm\prims\jvm.cpp:1166
Event: 0.743 Thread 0x000000000120d800 Threw 0x00000000eaf187a8 at C:\jdk7u2_64p\jdk7u13\hotspot\src\share\vm\prims\jvm.cpp:1166
Event: 0.744 Thread 0x000000000120d800 Threw 0x00000000eaf1ad78 at C:\jdk7u2_64p\jdk7u13\hotspot\src\share\vm\prims\jvm.cpp:1166
Event: 0.745 Thread 0x000000000120d800 Threw 0x00000000eaf1de08 at C:\jdk7u2_64p\jdk7u13\hotspot\src\share\vm\prims\jvm.cpp:1166
Event: 0.745 Thread 0x000000000120d800 Threw 0x00000000eaf27320 at C:\jdk7u2_64p\jdk7u13\hotspot\src\share\vm\prims\jvm.cpp:1166
Event: 0.747 Thread 0x000000000120d800 Threw 0x00000000eaf2b288 at C:\jdk7u2_64p\jdk7u13\hotspot\src\share\vm\prims\jvm.cpp:1166
Event: 0.751 Thread 0x000000000120d800 Threw 0x00000000eaf41c30 at C:\jdk7u2_64p\jdk7u13\hotspot\src\share\vm\prims\jvm.cpp:1166
Event: 0.754 Thread 0x000000000120d800 Threw 0x00000000eaf9d0e0 at C:\jdk7u2_64p\jdk7u13\hotspot\src\share\vm\prims\jvm.cpp:1166
Event: 0.755 Thread 0x000000000120d800 Threw 0x00000000eafa32b8 at C:\jdk7u2_64p\jdk7u13\hotspot\src\share\vm\prims\jvm.cpp:1166
Event: 0.775 Thread 0x000000000120d800 Threw 0x00000000eafc9440 at C:\jdk7u2_64p\jdk7u13\hotspot\src\share\vm\prims\jni.cpp:716

Events (10 events):
Event: 1.395 Executing VM operation: ParallelGCFailedAllocation done
Event: 1.418 Executing VM operation: ParallelGCFailedAllocation
Event: 1.446 Executing VM operation: ParallelGCFailedAllocation done
Event: 1.482 Executing VM operation: ParallelGCFailedAllocation
Event: 2.081 Executing VM operation: ParallelGCFailedAllocation done
Event: 2.131 Executing VM operation: ParallelGCFailedAllocation
Event: 2.187 Executing VM operation: ParallelGCFailedAllocation done
Event: 2.234 Executing VM operation: ParallelGCFailedAllocation
Event: 2.338 Executing VM operation: ParallelGCFailedAllocation done
Event: 2.382 Executing VM operation: ParallelGCFailedAllocation


Dynamic libraries:
0x000007f647c00000 - 0x000007f647c33000 	C:\Program Files\Java\jre7\bin\javaw.exe
0x000007ff610a0000 - 0x000007ff6125e000 	C:\Windows\SYSTEM32\ntdll.dll
0x000007ff5ef60000 - 0x000007ff5f096000 	C:\Windows\system32\KERNEL32.DLL
0x000007ff5e360000 - 0x000007ff5e453000 	C:\Windows\system32\KERNELBASE.dll
0x000007ff5e710000 - 0x000007ff5e7ee000 	C:\Windows\system32\ADVAPI32.dll
0x000007ff5e7f0000 - 0x000007ff5e93c000 	C:\Windows\system32\USER32.dll
0x000007ff5c020000 - 0x000007ff5c289000 	C:\Windows\WinSxS\amd64_microsoft.windows.common-controls_6595b64144ccf1df_6.0.9200.16384_none_418c2a697189c07f\COMCTL32.dll
0x000007ff5e660000 - 0x000007ff5e705000 	C:\Windows\system32\msvcrt.dll
0x000007ff5f570000 - 0x000007ff5f5b8000 	C:\Windows\SYSTEM32\sechost.dll
0x000007ff5f2f0000 - 0x000007ff5f430000 	C:\Windows\system32\RPCRT4.dll
0x000007ff5f430000 - 0x000007ff5f570000 	C:\Windows\system32\GDI32.dll
0x000007ff60e90000 - 0x000007ff60ec9000 	C:\Windows\system32\IMM32.DLL
0x000007ff5eb70000 - 0x000007ff5ec85000 	C:\Windows\system32\MSCTF.dll
0x000000005cfa0000 - 0x000000005d071000 	C:\Program Files\Java\jre7\bin\msvcr100.dll
0x000000005c880000 - 0x000000005cf9f000 	C:\Program Files\Java\jre7\bin\server\jvm.dll
0x000007ff52f90000 - 0x000007ff52f99000 	C:\Windows\SYSTEM32\WSOCK32.dll
0x000007ff5b660000 - 0x000007ff5b680000 	C:\Windows\SYSTEM32\WINMM.dll
0x000007ff5f0a0000 - 0x000007ff5f0a7000 	C:\Windows\system32\PSAPI.DLL
0x000007ff5ec90000 - 0x000007ff5ece8000 	C:\Windows\system32\WS2_32.dll
0x000007ff5b620000 - 0x000007ff5b652000 	C:\Windows\SYSTEM32\WINMMBASE.dll
0x000007ff5f8b0000 - 0x000007ff5f8b9000 	C:\Windows\system32\NSI.dll
0x000000005c870000 - 0x000000005c87f000 	C:\Program Files\Java\jre7\bin\verify.dll
0x000000005c840000 - 0x000000005c868000 	C:\Program Files\Java\jre7\bin\java.dll
0x000000005c820000 - 0x000000005c835000 	C:\Program Files\Java\jre7\bin\zip.dll
0x0000000180000000 - 0x0000000180050000 	D:\dev\tools\lwjgl-2.9.0\native\windows\lwjgl64.dll
0x000007ff5a310000 - 0x000007ff5a42f000 	C:\Windows\SYSTEM32\OPENGL32.dll
0x000007ff5a5a0000 - 0x000007ff5a5a9000 	C:\Windows\SYSTEM32\VERSION.dll
0x000007ff5c680000 - 0x000007ff5c6ac000 	C:\Windows\SYSTEM32\GLU32.dll
0x000007ff45960000 - 0x000007ff45a4a000 	C:\Windows\SYSTEM32\DDRAW.dll
0x000007ff5c670000 - 0x000007ff5c678000 	C:\Windows\SYSTEM32\DCIMAN32.dll
0x000007ff5ce00000 - 0x000007ff5cee6000 	C:\Windows\system32\uxtheme.dll
0x000007ff5c290000 - 0x000007ff5c2b1000 	C:\Windows\SYSTEM32\dwmapi.dll
0x000007ff5c660000 - 0x000007ff5c669000 	C:\Windows\SYSTEM32\atig6pxx.dll
0x000000005ab70000 - 0x000000005c30a000 	C:\Windows\SYSTEM32\atio6axx.dll
0x000007ff60ed0000 - 0x000007ff610a0000 	C:\Windows\system32\SETUPAPI.dll
0x000007ff5e460000 - 0x000007ff5e4af000 	C:\Windows\system32\CFGMGR32.dll
0x000007ff5e150000 - 0x000007ff5e172000 	C:\Windows\system32\DEVOBJ.dll
0x000007ff5c6c0000 - 0x000007ff5c76a000 	C:\Windows\SYSTEM32\atiadlxx.dll
0x000007ff5fbb0000 - 0x000007ff60e8e000 	C:\Windows\system32\SHELL32.dll
0x000007ff5fa30000 - 0x000007ff5fbae000 	C:\Windows\system32\ole32.dll
0x000007ff5b450000 - 0x000007ff5b5aa000 	C:\Windows\SYSTEM32\PROPSYS.dll
0x000007ff5d5a0000 - 0x000007ff5d5bf000 	C:\Windows\SYSTEM32\USERENV.dll
0x000007ff5de80000 - 0x000007ff5de91000 	C:\Windows\SYSTEM32\WTSAPI32.dll
0x000007ff5b420000 - 0x000007ff5b44a000 	C:\Windows\SYSTEM32\IPHLPAPI.DLL
0x000007ff5e4b0000 - 0x000007ff5e660000 	C:\Windows\SYSTEM32\combase.dll
0x000007ff5f2a0000 - 0x000007ff5f2f0000 	C:\Windows\system32\SHLWAPI.dll
0x000007ff5f1d0000 - 0x000007ff5f293000 	C:\Windows\system32\OLEAUT32.dll
0x000007ff5df70000 - 0x000007ff5df85000 	C:\Windows\SYSTEM32\profapi.dll
0x000007ff5b410000 - 0x000007ff5b41a000 	C:\Windows\SYSTEM32\WINNSI.DLL
0x000007ff5e0f0000 - 0x000007ff5e145000 	C:\Windows\system32\WINTRUST.dll
0x000007ff5e180000 - 0x000007ff5e357000 	C:\Windows\system32\CRYPT32.dll
0x000007ff5e020000 - 0x000007ff5e036000 	C:\Windows\system32\MSASN1.dll
0x000007ff59f60000 - 0x000007ff5a07c000 	C:\Windows\SYSTEM32\aticfx64.dll
0x000007ff5c480000 - 0x000007ff5c516000 	C:\Windows\SYSTEM32\SHCORE.dll
0x000007ff5c650000 - 0x000007ff5c65f000 	C:\Windows\SYSTEM32\atig6txx.dll
0x000007ff5ddb0000 - 0x000007ff5ddba000 	C:\Windows\SYSTEM32\CRYPTBASE.dll
0x000007ff5dd50000 - 0x000007ff5ddac000 	C:\Windows\SYSTEM32\bcryptPrimitives.dll
0x000007ff44420000 - 0x000007ff444b1000 	C:\Windows\SYSTEM32\mscms.dll
0x000007ff53370000 - 0x000007ff533b0000 	C:\Windows\SYSTEM32\icm32.dll
0x000007ff5c630000 - 0x000007ff5c643000 	C:\Windows\SYSTEM32\OpenCL.dll
0x000007ff3b080000 - 0x000007ff3cccc000 	C:\Windows\SYSTEM32\amdocl64.dll
0x000007ff53180000 - 0x000007ff532e3000 	C:\Windows\SYSTEM32\dbghelp.dll
0x000000005c350000 - 0x000000005c81d000 	C:\Windows\SYSTEM32\atiumd6a.dll
0x000000005d640000 - 0x000000005d7d3000 	C:\Program Files\Java\jre7\bin\awt.dll
0x000007ff58e80000 - 0x000007ff58f1f000 	C:\Windows\system32\apphelp.dll

VM Arguments:
jvm_args: -Djava.library.path=D:\dev\tools\lwjgl-2.9.0\native\windows;D:\dev\tools\lwjgl-2.9.0\native\windows -Dfile.encoding=Cp1252 
java_command: main.Rain
Launcher Type: SUN_STANDARD

Environment Variables:
PATH=D:\Dokumente\AMD APP\bin\x86_64;D:\Dokumente\AMD APP\bin\x86;C:\Program Files (x86)\AMD APP\bin\x86_64;C:\Program Files (x86)\AMD APP\bin\x86;C:\Program Files\Python27\Lib\site-packages\PyQt4;C:\Windows\system32;C:\Windows;C:\Windows\System32\Wbem;C:\Windows\System32\WindowsPowerShell\v1.0\;C:\Program Files (x86)\ATI Technologies\ATI.ACE\Core-Static;C:\Program Files\Python27\Lib\site-packages\vtk;C:\Program Files\Python27\gnuplot\binary;C:Program Files\python27\Scripts;C:\Program Files\Microsoft\Web Platform Installer\;C:\Program Files (x86)\Microsoft ASP.NET\ASP.NET Web Pages\v1.0\;C:\Program Files (x86)\Windows Kits\8.0\Windows Performance Toolkit\;C:\Program Files\Microsoft SQL Server\110\Tools\Binn\;C:\Program Files (x86)\CMake 2.8\bin;
USERNAME=Valentin
OS=Windows_NT
PROCESSOR_IDENTIFIER=Intel64 Family 6 Model 23 Stepping 6, GenuineIntel



---------------  S Y S T E M  ---------------

OS: Windows 8 , 64 bit Build 9200 

CPU:total 2 (2 cores per cpu, 1 threads per core) family 6 model 23 stepping 6, cmov, cx8, fxsr, mmx, sse, sse2, sse3, ssse3, sse4.1, tsc

Memory: 4k page, physical 4192564k(1535436k free), swap 8386868k(4123356k free)

vm_info: Java HotSpot(TM) 64-Bit Server VM (23.7-b01) for windows-amd64 JRE (1.7.0_13-b20), built on Jan 30 2013 10:10:00 by "java_re" with unknown MS VC++:1600

time: Mon May 13 22:12:07 2013
elapsed time: 2 seconds

