#
# A fatal error has been detected by the Java Runtime Environment:
#
#  EXCEPTION_ACCESS_VIOLATION (0xc0000005) at pc=0x00000000522e1f08, pid=3640, tid=2064
#
# JRE version: 7.0_17-b02
# Java VM: Java HotSpot(TM) 64-Bit Server VM (23.7-b01 mixed mode windows-amd64 compressed oops)
# Problematic frame:
# C  [nvoglv64.DLL+0x891f08]
#
# Failed to write core dump. Minidumps are not enabled by default on client versions of Windows
#
# If you would like to submit a bug report, please visit:
#   http://bugreport.sun.com/bugreport/crash.jsp
# The crash happened outside the Java Virtual Machine in native code.
# See problematic frame for where to report the bug.
#

---------------  T H R E A D  ---------------

Current thread (0x00000000021bd800):  JavaThread "main" [_thread_in_native, id=2064, stack(0x00000000022c0000,0x00000000023c0000)]

siginfo: ExceptionCode=0xc0000005, reading address 0xffffffffffffffff

Registers:
RAX=0xccccc300000502b8, RBX=0x0000000000000510, RCX=0x0000000000348140, RDX=0x0000000000008246
RSP=0x00000000023beec0, RBP=0x0000000000008246, RSI=0x0000000000008251, RDI=0x00000000531f44b0
R8 =0x0000000000008251, R9 =0x0000000000020071, R10=0x0000000000000000, R11=0x0000000000000200
R12=0x0000000000020071, R13=0x0000000000348140, R14=0x0000000000009148, R15=0x0000000000000000
RIP=0x00000000522e1f08, EFLAGS=0x0000000000010286

Top of Stack: (sp=0x00000000023beec0)
0x00000000023beec0:   0000000000000400 0000000000000042
0x00000000023beed0:   00000000532659ae 00000000000003b1
0x00000000023beee0:   0000000053265960 0000000000000042
0x00000000023beef0:   0000000000000000 0000000000000000
0x00000000023bef00:   0000000000000000 0000000000000012
0x00000000023bef10:   0000000000000002 0000000000000001
0x00000000023bef20:   00000000531f44b0 00000000521ed405
0x00000000023bef30:   0000000000000002 00000000002bf280
0x00000000023bef40:   0000000053265960 000000005300bb98
0x00000000023bef50:   0000000000009148 00000000ffffffff
0x00000000023bef60:   0000000053265960 0000000000000000
0x00000000023bef70:   00000000023befe0 00000000521eda42
0x00000000023bef80:   00000000023beff0 000000005327ae28
0x00000000023bef90:   0000000000020071 0000000000000042
0x00000000023befa0:   0000000000000000 0000000000000000
0x00000000023befb0:   000000000e961800 000000000e9618a0 

Instructions: (pc=0x00000000522e1f08)
0x00000000522e1ee8:   e1 41 8b c7 41 8b f0 8b ea 4c 8b e9 48 69 c0 f0
0x00000000522e1ef8:   04 00 00 48 8b 84 08 00 01 00 00 48 85 c0 74 19
0x00000000522e1f08:   39 10 75 0c 44 39 40 04 75 06 44 39 48 08 74 2e
0x00000000522e1f18:   48 8b 40 10 48 85 c0 75 e7 41 8b c6 48 89 5c 24 


Register to memory mapping:

RAX=0xccccc300000502b8 is an unknown value
RBX=0x0000000000000510 is an unknown value
RCX=0x0000000000348140 is an unknown value
RDX=0x0000000000008246 is an unknown value
RSP=0x00000000023beec0 is pointing into the stack for thread: 0x00000000021bd800
RBP=0x0000000000008246 is an unknown value
RSI=0x0000000000008251 is an unknown value
RDI=0x00000000531f44b0 is an unknown value
R8 =0x0000000000008251 is an unknown value
R9 =0x0000000000020071 is an unknown value
R10=0x0000000000000000 is an unknown value
R11=0x0000000000000200 is an unknown value
R12=0x0000000000020071 is an unknown value
R13=0x0000000000348140 is an unknown value
R14=0x0000000000009148 is an unknown value
R15=0x0000000000000000 is an unknown value


Stack: [0x00000000022c0000,0x00000000023c0000],  sp=0x00000000023beec0,  free space=1019k
Native frames: (J=compiled Java code, j=interpreted, Vv=VM code, C=native code)
C  [nvoglv64.DLL+0x891f08]

Java frames: (J=compiled Java code, j=interpreted, Vv=VM code)
j  org.lwjgl.opengl.WindowsContextImplementation.nDestroy(Ljava/nio/ByteBuffer;)V+0
j  org.lwjgl.opengl.WindowsContextImplementation.destroy(Lorg/lwjgl/opengl/PeerInfo;Ljava/nio/ByteBuffer;)V+1
j  org.lwjgl.opengl.ContextGL.checkDestroy()V+29
j  org.lwjgl.opengl.ContextGL.destroy()V+48
j  org.lwjgl.opengl.ContextGL.forceDestroy()V+5
j  org.lwjgl.opengl.DrawableGL.destroy()V+24
j  org.lwjgl.opengl.Display$5.destroy()V+19
j  org.lwjgl.opengl.Display.destroy()V+9
j  opengl.GL.destroy()V+6
j  main.Rain.main([Ljava/lang/String;)V+151
v  ~StubRoutines::call_stub

---------------  P R O C E S S  ---------------

Java Threads: ( => current thread )
  0x000000000a20a000 JavaThread "LWJGL Timer" daemon [_thread_blocked, id=3792, stack(0x000000000e3f0000,0x000000000e4f0000)]
  0x000000000876c000 JavaThread "Java2D Disposer" daemon [_thread_blocked, id=4672, stack(0x000000000fa20000,0x000000000fb20000)]
  0x0000000008708000 JavaThread "Service Thread" daemon [_thread_blocked, id=4164, stack(0x0000000009c50000,0x0000000009d50000)]
  0x0000000008705000 JavaThread "C2 CompilerThread1" daemon [_thread_blocked, id=2488, stack(0x00000000099d0000,0x0000000009ad0000)]
  0x00000000086f7000 JavaThread "C2 CompilerThread0" daemon [_thread_blocked, id=4716, stack(0x0000000009780000,0x0000000009880000)]
  0x00000000086f5800 JavaThread "Attach Listener" daemon [_thread_blocked, id=4324, stack(0x0000000009090000,0x0000000009190000)]
  0x00000000086f4000 JavaThread "Signal Dispatcher" daemon [_thread_blocked, id=3188, stack(0x00000000095c0000,0x00000000096c0000)]
  0x000000000866d800 JavaThread "Finalizer" daemon [_thread_blocked, id=5048, stack(0x00000000094c0000,0x00000000095c0000)]
  0x0000000008664800 JavaThread "Reference Handler" daemon [_thread_blocked, id=3920, stack(0x00000000092f0000,0x00000000093f0000)]
=>0x00000000021bd800 JavaThread "main" [_thread_in_native, id=2064, stack(0x00000000022c0000,0x00000000023c0000)]

Other Threads:
  0x000000000865d800 VMThread [stack: 0x00000000091e0000,0x00000000092e0000] [id=2568]
  0x0000000008713000 WatcherThread [stack: 0x0000000009e10000,0x0000000009f10000] [id=3828]

VM state:not at safepoint (normal execution)

VM Mutex/Monitor currently owned by a thread: None

Heap
 PSYoungGen      total 206080K, used 81081K [0x00000000eb560000, 0x00000000ff800000, 0x0000000100000000)
  eden space 93248K, 66% used [0x00000000eb560000,0x00000000ef196548,0x00000000f1070000)
  from space 112832K, 17% used [0x00000000f1070000,0x00000000f2368000,0x00000000f7ea0000)
  to   space 112832K, 0% used [0x00000000f89d0000,0x00000000f89d0000,0x00000000ff800000)
 ParOldGen       total 332096K, used 199885K [0x00000000c2000000, 0x00000000d6450000, 0x00000000eb560000)
  object space 332096K, 60% used [0x00000000c2000000,0x00000000ce333660,0x00000000d6450000)
 PSPermGen       total 21248K, used 6608K [0x00000000bce00000, 0x00000000be2c0000, 0x00000000c2000000)
  object space 21248K, 31% used [0x00000000bce00000,0x00000000bd474178,0x00000000be2c0000)

Card table byte_map: [0x0000000005480000,0x00000000056a0000] byte_map_base: 0x0000000004e99000

Polling page: 0x0000000000220000

Code Cache  [0x00000000023c0000, 0x0000000002630000, 0x00000000053c0000)
 total_blobs=542 nmethods=122 adapters=372 free_code_cache=48385Kb largest_free_block=49525632

Compilation events (10 events):
Event: 33.283 Thread 0x0000000008705000  109             org.lwjgl.PointerWrapperAbstract::checkValid (52 bytes)
Event: 33.283 Thread 0x00000000086f7000  110             org.lwjgl.PointerWrapperAbstract::getPointer (9 bytes)
Event: 33.283 Thread 0x0000000008705000 nmethod 109 0x00000000024827d0 code [0x0000000002482900, 0x0000000002482958]
Event: 33.283 Thread 0x00000000086f7000 nmethod 110 0x00000000024825d0 code [0x0000000002482700, 0x0000000002482758]
Event: 35.849 Thread 0x0000000008705000  111             java.nio.DirectIntBufferU::put (18 bytes)
Event: 35.849 Thread 0x0000000008705000 nmethod 111 0x0000000002482350 code [0x0000000002482480, 0x0000000002482518]
Event: 36.091 Thread 0x00000000086f7000  112             java.nio.DirectIntBufferU::get (16 bytes)
Event: 36.091 Thread 0x00000000086f7000 nmethod 112 0x0000000002482110 code [0x0000000002482240, 0x00000000024822b8]
Event: 38.590 Thread 0x0000000008705000  114             java.nio.HeapByteBuffer::ix (7 bytes)
Event: 38.590 Thread 0x0000000008705000 nmethod 114 0x0000000002480a10 code [0x0000000002480b40, 0x0000000002480b98]

GC Heap History (10 events):
Event: 9.272 GC heap before
{Heap before GC invocations=26 (full 4):
 PSYoungGen      total 173568K, used 115293K [0x00000000eb560000, 0x00000000fc360000, 0x0000000100000000)
  eden space 71552K, 100% used [0x00000000eb560000,0x00000000efb40000,0x00000000efb40000)
  from space 102016K, 42% used [0x00000000efb40000,0x00000000f25f7790,0x00000000f5ee0000)
  to   space 97088K, 0% used [0x00000000f6490000,0x00000000f6490000,0x00000000fc360000)
 ParOldGen       total 296192K, used 196949K [0x00000000c2000000, 0x00000000d4140000, 0x00000000eb560000)
  object space 296192K, 66% used [0x00000000c2000000,0x00000000ce055768,0x00000000d4140000)
 PSPermGen       total 21248K, used 6371K [0x00000000bce00000, 0x00000000be2c0000, 0x00000000c2000000)
  object space 21248K, 29% used [0x00000000bce00000,0x00000000bd438db8,0x00000000be2c0000)
Event: 9.302 GC heap after
Heap after GC invocations=26 (full 4):
 PSYoungGen      total 165568K, used 38369K [0x00000000eb560000, 0x00000000fb790000, 0x0000000100000000)
  eden space 80576K, 0% used [0x00000000eb560000,0x00000000eb560000,0x00000000f0410000)
  from space 84992K, 45% used [0x00000000f6490000,0x00000000f8a084a0,0x00000000fb790000)
  to   space 91904K, 0% used [0x00000000f0410000,0x00000000f0410000,0x00000000f5dd0000)
 ParOldGen       total 296192K, used 196949K [0x00000000c2000000, 0x00000000d4140000, 0x00000000eb560000)
  object space 296192K, 66% used [0x00000000c2000000,0x00000000ce055768,0x00000000d4140000)
 PSPermGen       total 21248K, used 6371K [0x00000000bce00000, 0x00000000be2c0000, 0x00000000c2000000)
  object space 21248K, 29% used [0x00000000bce00000,0x00000000bd438db8,0x00000000be2c0000)
}
Event: 9.429 GC heap before
{Heap before GC invocations=27 (full 4):
 PSYoungGen      total 165568K, used 118945K [0x00000000eb560000, 0x00000000fb790000, 0x0000000100000000)
  eden space 80576K, 100% used [0x00000000eb560000,0x00000000f0410000,0x00000000f0410000)
  from space 84992K, 45% used [0x00000000f6490000,0x00000000f8a084a0,0x00000000fb790000)
  to   space 91904K, 0% used [0x00000000f0410000,0x00000000f0410000,0x00000000f5dd0000)
 ParOldGen       total 296192K, used 196949K [0x00000000c2000000, 0x00000000d4140000, 0x00000000eb560000)
  object space 296192K, 66% used [0x00000000c2000000,0x00000000ce055768,0x00000000d4140000)
 PSPermGen       total 21248K, used 6371K [0x00000000bce00000, 0x00000000be2c0000, 0x00000000c2000000)
  object space 21248K, 29% used [0x00000000bce00000,0x00000000bd438db8,0x00000000be2c0000)
Event: 9.614 GC heap after
Heap after GC invocations=27 (full 4):
 PSYoungGen      total 172480K, used 91873K [0x00000000eb560000, 0x00000000fecd0000, 0x0000000100000000)
  eden space 80576K, 0% used [0x00000000eb560000,0x00000000eb560000,0x00000000f0410000)
  from space 91904K, 99% used [0x00000000f0410000,0x00000000f5dc84a0,0x00000000f5dd0000)
  to   space 112832K, 0% used [0x00000000f7ea0000,0x00000000f7ea0000,0x00000000fecd0000)
 ParOldGen       total 296192K, used 225549K [0x00000000c2000000, 0x00000000d4140000, 0x00000000eb560000)
  object space 296192K, 76% used [0x00000000c2000000,0x00000000cfc43768,0x00000000d4140000)
 PSPermGen       total 21248K, used 6371K [0x00000000bce00000, 0x00000000be2c0000, 0x00000000c2000000)
  object space 21248K, 29% used [0x00000000bce00000,0x00000000bd438db8,0x00000000be2c0000)
}
Event: 9.740 GC heap before
{Heap before GC invocations=28 (full 4):
 PSYoungGen      total 172480K, used 172449K [0x00000000eb560000, 0x00000000fecd0000, 0x0000000100000000)
  eden space 80576K, 100% used [0x00000000eb560000,0x00000000f0410000,0x00000000f0410000)
  from space 91904K, 99% used [0x00000000f0410000,0x00000000f5dc84a0,0x00000000f5dd0000)
  to   space 112832K, 0% used [0x00000000f7ea0000,0x00000000f7ea0000,0x00000000fecd0000)
 ParOldGen       total 296192K, used 225549K [0x00000000c2000000, 0x00000000d4140000, 0x00000000eb560000)
  object space 296192K, 76% used [0x00000000c2000000,0x00000000cfc43768,0x00000000d4140000)
 PSPermGen       total 21248K, used 6371K [0x00000000bce00000, 0x00000000be2c0000, 0x00000000c2000000)
  object space 21248K, 29% used [0x00000000bce00000,0x00000000bd438db8,0x00000000be2c0000)
Event: 10.095 GC heap after
Heap after GC invocations=28 (full 4):
 PSYoungGen      total 206080K, used 112801K [0x00000000eb560000, 0x00000000fef00000, 0x0000000100000000)
  eden space 93248K, 0% used [0x00000000eb560000,0x00000000eb560000,0x00000000f1070000)
  from space 112832K, 99% used [0x00000000f7ea0000,0x00000000fecc84a0,0x00000000fecd0000)
  to   space 112832K, 0% used [0x00000000f1070000,0x00000000f1070000,0x00000000f7ea0000)
 ParOldGen       total 296192K, used 286853K [0x00000000c2000000, 0x00000000d4140000, 0x00000000eb560000)
  object space 296192K, 96% used [0x00000000c2000000,0x00000000d3821768,0x00000000d4140000)
 PSPermGen       total 21248K, used 6371K [0x00000000bce00000, 0x00000000be2c0000, 0x00000000c2000000)
  object space 21248K, 29% used [0x00000000bce00000,0x00000000bd438db8,0x00000000be2c0000)
}
Event: 10.096 GC heap before
{Heap before GC invocations=29 (full 5):
 PSYoungGen      total 206080K, used 112801K [0x00000000eb560000, 0x00000000fef00000, 0x0000000100000000)
  eden space 93248K, 0% used [0x00000000eb560000,0x00000000eb560000,0x00000000f1070000)
  from space 112832K, 99% used [0x00000000f7ea0000,0x00000000fecc84a0,0x00000000fecd0000)
  to   space 112832K, 0% used [0x00000000f1070000,0x00000000f1070000,0x00000000f7ea0000)
 ParOldGen       total 296192K, used 286853K [0x00000000c2000000, 0x00000000d4140000, 0x00000000eb560000)
  object space 296192K, 96% used [0x00000000c2000000,0x00000000d3821768,0x00000000d4140000)
 PSPermGen       total 21248K, used 6371K [0x00000000bce00000, 0x00000000be2c0000, 0x00000000c2000000)
  object space 21248K, 29% used [0x00000000bce00000,0x00000000bd438db8,0x00000000be2c0000)
Event: 11.939 GC heap after
Heap after GC invocations=29 (full 5):
 PSYoungGen      total 206080K, used 0K [0x00000000eb560000, 0x00000000fef00000, 0x0000000100000000)
  eden space 93248K, 0% used [0x00000000eb560000,0x00000000eb560000,0x00000000f1070000)
  from space 112832K, 0% used [0x00000000f7ea0000,0x00000000f7ea0000,0x00000000fecd0000)
  to   space 112832K, 0% used [0x00000000f1070000,0x00000000f1070000,0x00000000f7ea0000)
 ParOldGen       total 332096K, used 199885K [0x00000000c2000000, 0x00000000d6450000, 0x00000000eb560000)
  object space 332096K, 60% used [0x00000000c2000000,0x00000000ce333660,0x00000000d6450000)
 PSPermGen       total 21248K, used 6371K [0x00000000bce00000, 0x00000000be2c0000, 0x00000000c2000000)
  object space 21248K, 29% used [0x00000000bce00000,0x00000000bd438db8,0x00000000be2c0000)
}
Event: 12.246 GC heap before
{Heap before GC invocations=30 (full 5):
 PSYoungGen      total 206080K, used 93248K [0x00000000eb560000, 0x00000000fef00000, 0x0000000100000000)
  eden space 93248K, 100% used [0x00000000eb560000,0x00000000f1070000,0x00000000f1070000)
  from space 112832K, 0% used [0x00000000f7ea0000,0x00000000f7ea0000,0x00000000fecd0000)
  to   space 112832K, 0% used [0x00000000f1070000,0x00000000f1070000,0x00000000f7ea0000)
 ParOldGen       total 332096K, used 199885K [0x00000000c2000000, 0x00000000d6450000, 0x00000000eb560000)
  object space 332096K, 60% used [0x00000000c2000000,0x00000000ce333660,0x00000000d6450000)
 PSPermGen       total 21248K, used 6371K [0x00000000bce00000, 0x00000000be2c0000, 0x00000000c2000000)
  object space 21248K, 29% used [0x00000000bce00000,0x00000000bd438e90,0x00000000be2c0000)
Event: 12.273 GC heap after
Heap after GC invocations=30 (full 5):
 PSYoungGen      total 206080K, used 19424K [0x00000000eb560000, 0x00000000ff800000, 0x0000000100000000)
  eden space 93248K, 0% used [0x00000000eb560000,0x00000000eb560000,0x00000000f1070000)
  from space 112832K, 17% used [0x00000000f1070000,0x00000000f2368000,0x00000000f7ea0000)
  to   space 112832K, 0% used [0x00000000f89d0000,0x00000000f89d0000,0x00000000ff800000)
 ParOldGen       total 332096K, used 199885K [0x00000000c2000000, 0x00000000d6450000, 0x00000000eb560000)
  object space 332096K, 60% used [0x00000000c2000000,0x00000000ce333660,0x00000000d6450000)
 PSPermGen       total 21248K, used 6371K [0x00000000bce00000, 0x00000000be2c0000, 0x00000000c2000000)
  object space 21248K, 29% used [0x00000000bce00000,0x00000000bd438e90,0x00000000be2c0000)
}

Deoptimization events (2 events):
Event: 7.329 Thread 0x00000000021bd800 Uncommon trap -83 fr.pc 0x000000000245c3a8
Event: 7.367 Thread 0x00000000021bd800 Uncommon trap 202 fr.pc 0x0000000002458fe8

Internal exceptions (10 events):
Event: 8.360 Thread 0x00000000021bd800 Threw 0x00000000ec011520 at C:\jdk7u2_64p\jdk7u17\hotspot\src\share\vm\prims\jvm.cpp:1166
Event: 12.503 Thread 0x00000000021bd800 Threw 0x00000000eec79b58 at C:\jdk7u2_64p\jdk7u17\hotspot\src\share\vm\prims\jvm.cpp:1166
Event: 12.506 Thread 0x00000000021bd800 Threw 0x00000000eec84ba8 at C:\jdk7u2_64p\jdk7u17\hotspot\src\share\vm\prims\jvm.cpp:1166
Event: 12.509 Thread 0x00000000021bd800 Threw 0x00000000eec95e28 at C:\jdk7u2_64p\jdk7u17\hotspot\src\share\vm\prims\jvm.cpp:1166
Event: 12.603 Thread 0x00000000021bd800 Threw 0x00000000eec9bd60 at C:\jdk7u2_64p\jdk7u17\hotspot\src\share\vm\prims\jvm.cpp:1166
Event: 12.877 Thread 0x00000000021bd800 Threw 0x00000000ef0478a0 at C:\jdk7u2_64p\jdk7u17\hotspot\src\share\vm\prims\jvm.cpp:1166
Event: 12.878 Thread 0x00000000021bd800 Threw 0x00000000ef04ad98 at C:\jdk7u2_64p\jdk7u17\hotspot\src\share\vm\prims\jvm.cpp:1166
Event: 12.879 Thread 0x00000000021bd800 Threw 0x00000000ef04dd08 at C:\jdk7u2_64p\jdk7u17\hotspot\src\share\vm\prims\jvm.cpp:1166
Event: 31.314 Thread 0x00000000021bd800 Threw 0x00000000ef072890 at C:\jdk7u2_64p\jdk7u17\hotspot\src\share\vm\prims\jvm.cpp:1166
Event: 37.381 Thread 0x00000000021bd800 Threw 0x00000000ef08d940 at C:\jdk7u2_64p\jdk7u17\hotspot\src\share\vm\prims\jvm.cpp:1166

Events (10 events):
Event: 13.663 loading class 0x00000000085ef2a0
Event: 13.663 loading class 0x00000000085ef2a0 done
Event: 13.664 loading class 0x0000000009fb5530
Event: 13.664 loading class 0x0000000009fb5530 done
Event: 13.664 loading class 0x00000000085f0260
Event: 13.664 loading class 0x00000000085f0260 done
Event: 31.314 loading class 0x0000000008750430
Event: 31.314 loading class 0x0000000008750430 done
Event: 37.381 loading class 0x0000000009f9f610
Event: 37.381 loading class 0x0000000009f9f610 done


Dynamic libraries:
0x000000013f850000 - 0x000000013f883000 	C:\Program Files\Java\jre7\bin\javaw.exe
0x0000000077160000 - 0x0000000077309000 	C:\Windows\SYSTEM32\ntdll.dll
0x0000000077040000 - 0x000000007715f000 	C:\Windows\system32\kernel32.dll
0x000007fefd670000 - 0x000007fefd6db000 	C:\Windows\system32\KERNELBASE.dll
0x000007fefdda0000 - 0x000007fefde7b000 	C:\Windows\system32\ADVAPI32.dll
0x000007fefdfe0000 - 0x000007fefe07f000 	C:\Windows\system32\msvcrt.dll
0x000007fefd990000 - 0x000007fefd9af000 	C:\Windows\SYSTEM32\sechost.dll
0x000007fefdea0000 - 0x000007fefdfcd000 	C:\Windows\system32\RPCRT4.dll
0x0000000076a80000 - 0x0000000076b7a000 	C:\Windows\system32\USER32.dll
0x000007fefeeb0000 - 0x000007fefef17000 	C:\Windows\system32\GDI32.dll
0x000007fefdfd0000 - 0x000007fefdfde000 	C:\Windows\system32\LPK.dll
0x000007fefdbc0000 - 0x000007fefdc89000 	C:\Windows\system32\USP10.dll
0x000007fefbdb0000 - 0x000007fefbfa4000 	C:\Windows\WinSxS\amd64_microsoft.windows.common-controls_6595b64144ccf1df_6.0.7601.17514_none_fa396087175ac9ac\COMCTL32.dll
0x000007feff310000 - 0x000007feff381000 	C:\Windows\system32\SHLWAPI.dll
0x000007fefdb00000 - 0x000007fefdb2e000 	C:\Windows\system32\IMM32.DLL
0x000007fefdc90000 - 0x000007fefdd99000 	C:\Windows\system32\MSCTF.dll
0x0000000064b70000 - 0x0000000064c41000 	C:\Program Files\Java\jre7\bin\msvcr100.dll
0x00000000637f0000 - 0x0000000063f0f000 	C:\Program Files\Java\jre7\bin\server\jvm.dll
0x000007fefb680000 - 0x000007fefb689000 	C:\Windows\system32\WSOCK32.dll
0x000007fefdab0000 - 0x000007fefdafd000 	C:\Windows\system32\WS2_32.dll
0x000007fefdbb0000 - 0x000007fefdbb8000 	C:\Windows\system32\NSI.dll
0x000007fefabc0000 - 0x000007fefabfb000 	C:\Windows\system32\WINMM.dll
0x0000000077320000 - 0x0000000077327000 	C:\Windows\system32\PSAPI.DLL
0x0000000072cf0000 - 0x0000000072cff000 	C:\Program Files\Java\jre7\bin\verify.dll
0x0000000064b40000 - 0x0000000064b68000 	C:\Program Files\Java\jre7\bin\java.dll
0x00000000719b0000 - 0x00000000719c5000 	C:\Program Files\Java\jre7\bin\zip.dll
0x0000000180000000 - 0x0000000180050000 	C:\Users\vbruder\Bachelor\lwjgl-2.8.5\native\windows\lwjgl64.dll
0x000007fef1dc0000 - 0x000007fef1edd000 	C:\Windows\system32\OPENGL32.dll
0x000007fefb460000 - 0x000007fefb48d000 	C:\Windows\system32\GLU32.dll
0x000007fef5610000 - 0x000007fef5701000 	C:\Windows\system32\DDRAW.dll
0x000007fefb2d0000 - 0x000007fefb2d8000 	C:\Windows\system32\DCIMAN32.dll
0x000007fefef20000 - 0x000007feff0f7000 	C:\Windows\system32\SETUPAPI.dll
0x000007fefd700000 - 0x000007fefd736000 	C:\Windows\system32\CFGMGR32.dll
0x000007feff390000 - 0x000007feff467000 	C:\Windows\system32\OLEAUT32.dll
0x000007feff100000 - 0x000007feff303000 	C:\Windows\system32\ole32.dll
0x000007fefd6e0000 - 0x000007fefd6fa000 	C:\Windows\system32\DEVOBJ.dll
0x000007fefb620000 - 0x000007fefb638000 	C:\Windows\system32\dwmapi.dll
0x000007fefc700000 - 0x000007fefc70c000 	C:\Windows\system32\VERSION.dll
0x000007fefbd00000 - 0x000007fefbd56000 	C:\Windows\system32\uxtheme.dll
0x0000000051a50000 - 0x0000000053434000 	C:\Windows\system32\nvoglv64.DLL
0x000007fefe120000 - 0x000007fefeea8000 	C:\Windows\system32\SHELL32.dll
0x000007fefc6d0000 - 0x000007fefc6fd000 	C:\Windows\system32\ntmarta.dll
0x000007fefda50000 - 0x000007fefdaa2000 	C:\Windows\system32\WLDAP32.dll
0x000007fefd4b0000 - 0x000007fefd4bf000 	C:\Windows\system32\CRYPTBASE.dll
0x000007fef6a90000 - 0x000007fef6b2c000 	C:\Windows\system32\mscms.dll
0x000007fefc910000 - 0x000007fefc92e000 	C:\Windows\system32\USERENV.dll
0x000007fefd5c0000 - 0x000007fefd5cf000 	C:\Windows\system32\profapi.dll
0x000007fef73f0000 - 0x000007fef7432000 	C:\Windows\system32\icm32.dll
0x00000000021f0000 - 0x0000000002204000 	C:\Windows\system32\OpenCL.dll
0x000007fee9140000 - 0x000007fee98b9000 	C:\Windows\system32\nvopencl.dll
0x000007feefcb0000 - 0x000007feeff86000 	C:\Windows\system32\nvapi64.dll
0x000007fefd7e0000 - 0x000007fefd819000 	C:\Windows\system32\WINTRUST.dll
0x000007fefd820000 - 0x000007fefd98a000 	C:\Windows\system32\CRYPT32.dll
0x000007fefd660000 - 0x000007fefd66f000 	C:\Windows\system32\MSASN1.dll
0x0000000071450000 - 0x00000000715e3000 	C:\Program Files\Java\jre7\bin\awt.dll
0x000007fee7910000 - 0x000007fee9133000 	C:\Windows\system32\nvcompiler.dll
0x000007fefba00000 - 0x000007fefbb25000 	C:\Windows\system32\dbghelp.dll
0x00000000732e0000 - 0x0000000073310000 	C:\Program Files\Java\jre7\bin\jpeg.dll

VM Arguments:
jvm_args: -Djava.library.path=C:\Users\vbruder\Bachelor\lwjgl-2.8.5\native\windows;C:\Users\vbruder\Bachelor\lwjgl-2.8.5\native\windows -Dfile.encoding=Cp1252 
java_command: main.Rain
Launcher Type: SUN_STANDARD

Environment Variables:
PATH=C:\Program Files (x86)\NVIDIA Corporation\PhysX\Common;C:\Program Files\NVIDIA GPU Computing Toolkit\CUDA\v4.1\\bin;C:\Program Files\NVIDIA GPU Computing Toolkit\CUDA\v4.1\libnvvp\;C:\Program Files\NVIDIA GPU Computing Toolkit\CUDA\v4.0\bin\;C:\Program Files (x86)\AMD APP\bin\x86_64;C:\Program Files (x86)\AMD APP\bin\x86;C:\Windows\system32;C:\Windows;C:\Windows\System32\Wbem;C:\Windows\System32\WindowsPowerShell\v1.0\;C:\Program Files (x86)\CMake 2.8\bin;C:\Program Files (x86)\NVIDIA Corporation\Cg\bin;C:\Program Files (x86)\NVIDIA Corporation\Cg\bin.x64
USERNAME=vbruder
OS=Windows_NT
PROCESSOR_IDENTIFIER=Intel64 Family 6 Model 23 Stepping 10, GenuineIntel



---------------  S Y S T E M  ---------------

OS: Windows 7 , 64 bit Build 7601 Service Pack 1

CPU:total 2 (2 cores per cpu, 1 threads per core) family 6 model 23 stepping 10, cmov, cx8, fxsr, mmx, sse, sse2, sse3, ssse3, sse4.1, tsc

Memory: 4k page, physical 4060788k(910212k free), swap 8119720k(3360864k free)

vm_info: Java HotSpot(TM) 64-Bit Server VM (23.7-b01) for windows-amd64 JRE (1.7.0_17-b02), built on Mar  1 2013 03:38:30 by "java_re" with unknown MS VC++:1600

time: Mon Apr 08 15:37:31 2013
elapsed time: 42 seconds

