#
# A fatal error has been detected by the Java Runtime Environment:
#
#  EXCEPTION_ACCESS_VIOLATION (0xc0000005) at pc=0x00000000522e1f08, pid=1280, tid=2888
#
# JRE version: 7.0_17-b02
# Java VM: Java HotSpot(TM) 64-Bit Server VM (23.7-b01 mixed mode windows-amd64 compressed oops)
# Problematic frame:
# C  [nvoglv64.DLL+0x891f08]
#
# Failed to write core dump. Minidumps are not enabled by default on client versions of Windows
#
# If you would like to submit a bug report, please visit:
#   http://bugreport.sun.com/bugreport/crash.jsp
# The crash happened outside the Java Virtual Machine in native code.
# See problematic frame for where to report the bug.
#

---------------  T H R E A D  ---------------

Current thread (0x00000000021ed800):  JavaThread "main" [_thread_in_native, id=2888, stack(0x0000000002210000,0x0000000002310000)]

siginfo: ExceptionCode=0xc0000005, reading address 0xffffffffffffffff

Registers:
RAX=0xccccc300000502b8, RBX=0x0000000000000510, RCX=0x00000000003f56c0, RDX=0x0000000000008246
RSP=0x000000000230ec40, RBP=0x0000000000008246, RSI=0x0000000000008251, RDI=0x00000000531f44b0
R8 =0x0000000000008251, R9 =0x0000000000020071, R10=0x0000000000000000, R11=0x0000000000000200
R12=0x0000000000020071, R13=0x00000000003f56c0, R14=0x0000000000009148, R15=0x0000000000000000
RIP=0x00000000522e1f08, EFLAGS=0x0000000000010286

Top of Stack: (sp=0x000000000230ec40)
0x000000000230ec40:   0000000000000400 0000000000000042
0x000000000230ec50:   00000000532659ae 00000000000003b1
0x000000000230ec60:   0000000053265960 0000000000000042
0x000000000230ec70:   0000000000000000 0000000000000000
0x000000000230ec80:   0000000000000000 0000000000000012
0x000000000230ec90:   0000000000000002 0000000000000001
0x000000000230eca0:   00000000531f44b0 00000000521ed405
0x000000000230ecb0:   0000000000000002 000000000036c800
0x000000000230ecc0:   0000000053265960 000000005300bb98
0x000000000230ecd0:   0000000000009148 00000000ffffffff
0x000000000230ece0:   0000000053265960 0000000000000000
0x000000000230ecf0:   000000000230ed60 00000000521eda42
0x000000000230ed00:   000000000230ed70 000000005327ae28
0x000000000230ed10:   0000000000020071 0000000000000042
0x000000000230ed20:   0000000000000000 0000000000000000
0x000000000230ed30:   000000000df23800 000000000df238a0 

Instructions: (pc=0x00000000522e1f08)
0x00000000522e1ee8:   e1 41 8b c7 41 8b f0 8b ea 4c 8b e9 48 69 c0 f0
0x00000000522e1ef8:   04 00 00 48 8b 84 08 00 01 00 00 48 85 c0 74 19
0x00000000522e1f08:   39 10 75 0c 44 39 40 04 75 06 44 39 48 08 74 2e
0x00000000522e1f18:   48 8b 40 10 48 85 c0 75 e7 41 8b c6 48 89 5c 24 


Register to memory mapping:

RAX=0xccccc300000502b8 is an unknown value
RBX=0x0000000000000510 is an unknown value
RCX=0x00000000003f56c0 is an unknown value
RDX=0x0000000000008246 is an unknown value
RSP=0x000000000230ec40 is pointing into the stack for thread: 0x00000000021ed800
RBP=0x0000000000008246 is an unknown value
RSI=0x0000000000008251 is an unknown value
RDI=0x00000000531f44b0 is an unknown value
R8 =0x0000000000008251 is an unknown value
R9 =0x0000000000020071 is an unknown value
R10=0x0000000000000000 is an unknown value
R11=0x0000000000000200 is an unknown value
R12=0x0000000000020071 is an unknown value
R13=0x00000000003f56c0 is an unknown value
R14=0x0000000000009148 is an unknown value
R15=0x0000000000000000 is an unknown value


Stack: [0x0000000002210000,0x0000000002310000],  sp=0x000000000230ec40,  free space=1019k
Native frames: (J=compiled Java code, j=interpreted, Vv=VM code, C=native code)
C  [nvoglv64.DLL+0x891f08]

Java frames: (J=compiled Java code, j=interpreted, Vv=VM code)
j  org.lwjgl.opengl.WindowsContextImplementation.nDestroy(Ljava/nio/ByteBuffer;)V+0
j  org.lwjgl.opengl.WindowsContextImplementation.destroy(Lorg/lwjgl/opengl/PeerInfo;Ljava/nio/ByteBuffer;)V+1
j  org.lwjgl.opengl.ContextGL.checkDestroy()V+29
j  org.lwjgl.opengl.ContextGL.destroy()V+48
j  org.lwjgl.opengl.ContextGL.forceDestroy()V+5
j  org.lwjgl.opengl.DrawableGL.destroy()V+24
j  org.lwjgl.opengl.Display$5.destroy()V+19
j  org.lwjgl.opengl.Display.destroy()V+9
j  opengl.GL.destroy()V+6
j  main.Rain.main([Ljava/lang/String;)V+151
v  ~StubRoutines::call_stub

---------------  P R O C E S S  ---------------

Java Threads: ( => current thread )
  0x0000000010020800 JavaThread "LWJGL Timer" daemon [_thread_blocked, id=2056, stack(0x00000000189e0000,0x0000000018ae0000)]
  0x0000000009fe8000 JavaThread "Java2D Disposer" daemon [_thread_blocked, id=4364, stack(0x000000000f720000,0x000000000f820000)]
  0x00000000086d8000 JavaThread "Service Thread" daemon [_thread_blocked, id=3292, stack(0x0000000009c80000,0x0000000009d80000)]
  0x00000000086d5000 JavaThread "C2 CompilerThread1" daemon [_thread_blocked, id=3244, stack(0x0000000009b60000,0x0000000009c60000)]
  0x00000000086c7000 JavaThread "C2 CompilerThread0" daemon [_thread_blocked, id=3364, stack(0x00000000091b0000,0x00000000092b0000)]
  0x00000000086c5800 JavaThread "Attach Listener" daemon [_thread_blocked, id=796, stack(0x0000000009910000,0x0000000009a10000)]
  0x00000000086c4000 JavaThread "Signal Dispatcher" daemon [_thread_blocked, id=2936, stack(0x0000000009770000,0x0000000009870000)]
  0x000000000863d800 JavaThread "Finalizer" daemon [_thread_blocked, id=304, stack(0x0000000009580000,0x0000000009680000)]
  0x0000000008634800 JavaThread "Reference Handler" daemon [_thread_blocked, id=4844, stack(0x0000000009310000,0x0000000009410000)]
=>0x00000000021ed800 JavaThread "main" [_thread_in_native, id=2888, stack(0x0000000002210000,0x0000000002310000)]

Other Threads:
  0x000000000862d800 VMThread [stack: 0x00000000090a0000,0x00000000091a0000] [id=4160]
  0x00000000086e6800 WatcherThread [stack: 0x0000000009a50000,0x0000000009b50000] [id=2756]

VM state:not at safepoint (normal execution)

VM Mutex/Monitor currently owned by a thread: None

Heap
 PSYoungGen      total 206848K, used 147931K [0x00000000eb560000, 0x00000000ffc80000, 0x0000000100000000)
  eden space 94016K, 56% used [0x00000000eb560000,0x00000000ee976e90,0x00000000f1130000)
  from space 112832K, 83% used [0x00000000f1130000,0x00000000f6d90000,0x00000000f7f60000)
  to   space 112832K, 0% used [0x00000000f8e50000,0x00000000f8e50000,0x00000000ffc80000)
 ParOldGen       total 246208K, used 126713K [0x00000000c2000000, 0x00000000d1070000, 0x00000000eb560000)
  object space 246208K, 51% used [0x00000000c2000000,0x00000000c9bbe4c8,0x00000000d1070000)
 PSPermGen       total 21248K, used 6597K [0x00000000bce00000, 0x00000000be2c0000, 0x00000000c2000000)
  object space 21248K, 31% used [0x00000000bce00000,0x00000000bd471638,0x00000000be2c0000)

Card table byte_map: [0x0000000005420000,0x0000000005640000] byte_map_base: 0x0000000004e39000

Polling page: 0x00000000005b0000

Code Cache  [0x0000000002420000, 0x0000000002690000, 0x0000000005420000)
 total_blobs=523 nmethods=103 adapters=372 free_code_cache=48401Kb largest_free_block=49542528

Compilation events (10 events):
Event: 10.208 Thread 0x00000000086d5000   91             java.lang.Math::pow (6 bytes)
Event: 10.208 Thread 0x00000000086d5000 nmethod 91 0x00000000024cfad0 code [0x00000000024cfc20, 0x00000000024cfc88]
Event: 10.209 Thread 0x00000000086c7000   93             java.util.Random::nextFloat (11 bytes)
Event: 10.210 Thread 0x00000000086c7000 nmethod 93 0x00000000024c08d0 code [0x00000000024c0a40, 0x00000000024c0b18]
Event: 10.214 Thread 0x00000000086d5000    8 %           util.Raindrops::createData @ 88 (259 bytes)
Event: 10.227 Thread 0x00000000086d5000 nmethod 8% 0x00000000024cae10 code [0x00000000024cb040, 0x00000000024cbb78]
Event: 10.431 Thread 0x00000000086c7000   94   !         util.Util::loadImage (159 bytes)
Event: 10.440 Thread 0x00000000086c7000 nmethod 94 0x00000000024c9d90 code [0x00000000024c9fa0, 0x00000000024ca690]
Event: 13.410 Thread 0x00000000086d5000   95             java.nio.Buffer::checkIndex (22 bytes)
Event: 13.411 Thread 0x00000000086d5000 nmethod 95 0x00000000024bf990 code [0x00000000024bfac0, 0x00000000024bfb38]

GC Heap History (10 events):
Event: 7.794 GC heap before
{Heap before GC invocations=23 (full 3):
 PSYoungGen      total 144064K, used 141948K [0x00000000eb560000, 0x00000000f9700000, 0x0000000100000000)
  eden space 82048K, 100% used [0x00000000eb560000,0x00000000f0580000,0x00000000f0580000)
  from space 62016K, 96% used [0x00000000f0580000,0x00000000f3fff2f0,0x00000000f4210000)
  to   space 68288K, 0% used [0x00000000f5450000,0x00000000f5450000,0x00000000f9700000)
 ParOldGen       total 234880K, used 181771K [0x00000000c2000000, 0x00000000d0560000, 0x00000000eb560000)
  object space 234880K, 77% used [0x00000000c2000000,0x00000000cd182e68,0x00000000d0560000)
 PSPermGen       total 21248K, used 6371K [0x00000000bce00000, 0x00000000be2c0000, 0x00000000c2000000)
  object space 21248K, 29% used [0x00000000bce00000,0x00000000bd438db8,0x00000000be2c0000)
Event: 7.941 GC heap after
Heap after GC invocations=23 (full 3):
 PSYoungGen      total 149184K, used 68257K [0x00000000eb560000, 0x00000000fb000000, 0x0000000100000000)
  eden space 80896K, 0% used [0x00000000eb560000,0x00000000eb560000,0x00000000f0460000)
  from space 68288K, 99% used [0x00000000f5450000,0x00000000f96f84a0,0x00000000f9700000)
  to   space 81856K, 0% used [0x00000000f0460000,0x00000000f0460000,0x00000000f5450000)
 ParOldGen       total 234880K, used 196831K [0x00000000c2000000, 0x00000000d0560000, 0x00000000eb560000)
  object space 234880K, 83% used [0x00000000c2000000,0x00000000ce037e18,0x00000000d0560000)
 PSPermGen       total 21248K, used 6371K [0x00000000bce00000, 0x00000000be2c0000, 0x00000000c2000000)
  object space 21248K, 29% used [0x00000000bce00000,0x00000000bd438db8,0x00000000be2c0000)
}
Event: 8.056 GC heap before
{Heap before GC invocations=24 (full 3):
 PSYoungGen      total 149184K, used 149153K [0x00000000eb560000, 0x00000000fb000000, 0x0000000100000000)
  eden space 80896K, 100% used [0x00000000eb560000,0x00000000f0460000,0x00000000f0460000)
  from space 68288K, 99% used [0x00000000f5450000,0x00000000f96f84a0,0x00000000f9700000)
  to   space 81856K, 0% used [0x00000000f0460000,0x00000000f0460000,0x00000000f5450000)
 ParOldGen       total 234880K, used 196831K [0x00000000c2000000, 0x00000000d0560000, 0x00000000eb560000)
  object space 234880K, 83% used [0x00000000c2000000,0x00000000ce037e18,0x00000000d0560000)
 PSPermGen       total 21248K, used 6371K [0x00000000bce00000, 0x00000000be2c0000, 0x00000000c2000000)
  object space 21248K, 29% used [0x00000000bce00000,0x00000000bd438db8,0x00000000be2c0000)
Event: 8.276 GC heap after
Heap after GC invocations=24 (full 3):
 PSYoungGen      total 162752K, used 81825K [0x00000000eb560000, 0x00000000fed90000, 0x0000000100000000)
  eden space 80896K, 0% used [0x00000000eb560000,0x00000000eb560000,0x00000000f0460000)
  from space 81856K, 99% used [0x00000000f0460000,0x00000000f54484a0,0x00000000f5450000)
  to   space 112832K, 0% used [0x00000000f7f60000,0x00000000f7f60000,0x00000000fed90000)
 ParOldGen       total 265216K, used 265165K [0x00000000c2000000, 0x00000000d2300000, 0x00000000eb560000)
  object space 265216K, 99% used [0x00000000c2000000,0x00000000d22f37e0,0x00000000d2300000)
 PSPermGen       total 21248K, used 6371K [0x00000000bce00000, 0x00000000be2c0000, 0x00000000c2000000)
  object space 21248K, 29% used [0x00000000bce00000,0x00000000bd438db8,0x00000000be2c0000)
}
Event: 8.276 GC heap before
{Heap before GC invocations=25 (full 4):
 PSYoungGen      total 162752K, used 81825K [0x00000000eb560000, 0x00000000fed90000, 0x0000000100000000)
  eden space 80896K, 0% used [0x00000000eb560000,0x00000000eb560000,0x00000000f0460000)
  from space 81856K, 99% used [0x00000000f0460000,0x00000000f54484a0,0x00000000f5450000)
  to   space 112832K, 0% used [0x00000000f7f60000,0x00000000f7f60000,0x00000000fed90000)
 ParOldGen       total 265216K, used 265165K [0x00000000c2000000, 0x00000000d2300000, 0x00000000eb560000)
  object space 265216K, 99% used [0x00000000c2000000,0x00000000d22f37e0,0x00000000d2300000)
 PSPermGen       total 21248K, used 6371K [0x00000000bce00000, 0x00000000be2c0000, 0x00000000c2000000)
  object space 21248K, 29% used [0x00000000bce00000,0x00000000bd438db8,0x00000000be2c0000)
Event: 9.240 GC heap after
Heap after GC invocations=25 (full 4):
 PSYoungGen      total 162752K, used 0K [0x00000000eb560000, 0x00000000fed90000, 0x0000000100000000)
  eden space 80896K, 0% used [0x00000000eb560000,0x00000000eb560000,0x00000000f0460000)
  from space 81856K, 0% used [0x00000000f0460000,0x00000000f0460000,0x00000000f5450000)
  to   space 112832K, 0% used [0x00000000f7f60000,0x00000000f7f60000,0x00000000fed90000)
 ParOldGen       total 246208K, used 126713K [0x00000000c2000000, 0x00000000d1070000, 0x00000000eb560000)
  object space 246208K, 51% used [0x00000000c2000000,0x00000000c9bbe4c8,0x00000000d1070000)
 PSPermGen       total 21248K, used 6371K [0x00000000bce00000, 0x00000000be2c0000, 0x00000000c2000000)
  object space 21248K, 29% used [0x00000000bce00000,0x00000000bd438db8,0x00000000be2c0000)
}
Event: 9.358 GC heap before
{Heap before GC invocations=26 (full 4):
 PSYoungGen      total 162752K, used 80896K [0x00000000eb560000, 0x00000000fed90000, 0x0000000100000000)
  eden space 80896K, 100% used [0x00000000eb560000,0x00000000f0460000,0x00000000f0460000)
  from space 81856K, 0% used [0x00000000f0460000,0x00000000f0460000,0x00000000f5450000)
  to   space 112832K, 0% used [0x00000000f7f60000,0x00000000f7f60000,0x00000000fed90000)
 ParOldGen       total 246208K, used 126713K [0x00000000c2000000, 0x00000000d1070000, 0x00000000eb560000)
  object space 246208K, 51% used [0x00000000c2000000,0x00000000c9bbe4c8,0x00000000d1070000)
 PSPermGen       total 21248K, used 6371K [0x00000000bce00000, 0x00000000be2c0000, 0x00000000c2000000)
  object space 21248K, 29% used [0x00000000bce00000,0x00000000bd438db8,0x00000000be2c0000)
Event: 9.507 GC heap after
Heap after GC invocations=26 (full 4):
 PSYoungGen      total 206848K, used 82400K [0x00000000eb560000, 0x00000000fed90000, 0x0000000100000000)
  eden space 94016K, 0% used [0x00000000eb560000,0x00000000eb560000,0x00000000f1130000)
  from space 112832K, 73% used [0x00000000f7f60000,0x00000000fcfd8000,0x00000000fed90000)
  to   space 112832K, 0% used [0x00000000f1130000,0x00000000f1130000,0x00000000f7f60000)
 ParOldGen       total 246208K, used 126713K [0x00000000c2000000, 0x00000000d1070000, 0x00000000eb560000)
  object space 246208K, 51% used [0x00000000c2000000,0x00000000c9bbe4c8,0x00000000d1070000)
 PSPermGen       total 21248K, used 6371K [0x00000000bce00000, 0x00000000be2c0000, 0x00000000c2000000)
  object space 21248K, 29% used [0x00000000bce00000,0x00000000bd438db8,0x00000000be2c0000)
}
Event: 9.854 GC heap before
{Heap before GC invocations=27 (full 4):
 PSYoungGen      total 206848K, used 176416K [0x00000000eb560000, 0x00000000fed90000, 0x0000000100000000)
  eden space 94016K, 100% used [0x00000000eb560000,0x00000000f1130000,0x00000000f1130000)
  from space 112832K, 73% used [0x00000000f7f60000,0x00000000fcfd8000,0x00000000fed90000)
  to   space 112832K, 0% used [0x00000000f1130000,0x00000000f1130000,0x00000000f7f60000)
 ParOldGen       total 246208K, used 126713K [0x00000000c2000000, 0x00000000d1070000, 0x00000000eb560000)
  object space 246208K, 51% used [0x00000000c2000000,0x00000000c9bbe4c8,0x00000000d1070000)
 PSPermGen       total 21248K, used 6371K [0x00000000bce00000, 0x00000000be2c0000, 0x00000000c2000000)
  object space 21248K, 29% used [0x00000000bce00000,0x00000000bd438e90,0x00000000be2c0000)
Event: 10.011 GC heap after
Heap after GC invocations=27 (full 4):
 PSYoungGen      total 206848K, used 94592K [0x00000000eb560000, 0x00000000ffc80000, 0x0000000100000000)
  eden space 94016K, 0% used [0x00000000eb560000,0x00000000eb560000,0x00000000f1130000)
  from space 112832K, 83% used [0x00000000f1130000,0x00000000f6d90000,0x00000000f7f60000)
  to   space 112832K, 0% used [0x00000000f8e50000,0x00000000f8e50000,0x00000000ffc80000)
 ParOldGen       total 246208K, used 126713K [0x00000000c2000000, 0x00000000d1070000, 0x00000000eb560000)
  object space 246208K, 51% used [0x00000000c2000000,0x00000000c9bbe4c8,0x00000000d1070000)
 PSPermGen       total 21248K, used 6371K [0x00000000bce00000, 0x00000000be2c0000, 0x00000000c2000000)
  object space 21248K, 29% used [0x00000000bce00000,0x00000000bd438e90,0x00000000be2c0000)
}

Deoptimization events (2 events):
Event: 5.819 Thread 0x00000000021ed800 Uncommon trap -83 fr.pc 0x00000000024bba30
Event: 5.857 Thread 0x00000000021ed800 Uncommon trap 202 fr.pc 0x00000000024bee28

Internal exceptions (10 events):
Event: 6.885 Thread 0x00000000021ed800 Threw 0x00000000ec3753c0 at C:\jdk7u2_64p\jdk7u17\hotspot\src\share\vm\prims\jvm.cpp:1166
Event: 10.227 Thread 0x00000000021ed800 Threw 0x00000000ee448410 at C:\jdk7u2_64p\jdk7u17\hotspot\src\share\vm\prims\jvm.cpp:1166
Event: 10.231 Thread 0x00000000021ed800 Threw 0x00000000ee453460 at C:\jdk7u2_64p\jdk7u17\hotspot\src\share\vm\prims\jvm.cpp:1166
Event: 10.234 Thread 0x00000000021ed800 Threw 0x00000000ee4646e0 at C:\jdk7u2_64p\jdk7u17\hotspot\src\share\vm\prims\jvm.cpp:1166
Event: 10.428 Thread 0x00000000021ed800 Threw 0x00000000ee46a618 at C:\jdk7u2_64p\jdk7u17\hotspot\src\share\vm\prims\jvm.cpp:1166
Event: 10.683 Thread 0x00000000021ed800 Threw 0x00000000ee816218 at C:\jdk7u2_64p\jdk7u17\hotspot\src\share\vm\prims\jvm.cpp:1166
Event: 10.683 Thread 0x00000000021ed800 Threw 0x00000000ee819710 at C:\jdk7u2_64p\jdk7u17\hotspot\src\share\vm\prims\jvm.cpp:1166
Event: 10.684 Thread 0x00000000021ed800 Threw 0x00000000ee81c680 at C:\jdk7u2_64p\jdk7u17\hotspot\src\share\vm\prims\jvm.cpp:1166
Event: 12.420 Thread 0x00000000021ed800 Threw 0x00000000ee822688 at C:\jdk7u2_64p\jdk7u17\hotspot\src\share\vm\prims\jvm.cpp:1166
Event: 14.455 Thread 0x00000000021ed800 Threw 0x00000000ee830100 at C:\jdk7u2_64p\jdk7u17\hotspot\src\share\vm\prims\jvm.cpp:1166

Events (10 events):
Event: 11.518 loading class 0x00000000085bf4d0
Event: 11.518 loading class 0x00000000085bf4d0 done
Event: 11.519 loading class 0x0000000009e66f20
Event: 11.519 loading class 0x0000000009e66f20 done
Event: 11.519 loading class 0x00000000085c0490
Event: 11.519 loading class 0x00000000085c0490 done
Event: 12.420 loading class 0x0000000009db28a0
Event: 12.420 loading class 0x0000000009db28a0 done
Event: 14.455 loading class 0x0000000009e09610
Event: 14.455 loading class 0x0000000009e09610 done


Dynamic libraries:
0x000000013fac0000 - 0x000000013faf3000 	C:\Program Files\Java\jre7\bin\javaw.exe
0x0000000077160000 - 0x0000000077309000 	C:\Windows\SYSTEM32\ntdll.dll
0x0000000077040000 - 0x000000007715f000 	C:\Windows\system32\kernel32.dll
0x000007fefd670000 - 0x000007fefd6db000 	C:\Windows\system32\KERNELBASE.dll
0x000007fefdda0000 - 0x000007fefde7b000 	C:\Windows\system32\ADVAPI32.dll
0x000007fefdfe0000 - 0x000007fefe07f000 	C:\Windows\system32\msvcrt.dll
0x000007fefd990000 - 0x000007fefd9af000 	C:\Windows\SYSTEM32\sechost.dll
0x000007fefdea0000 - 0x000007fefdfcd000 	C:\Windows\system32\RPCRT4.dll
0x0000000076a80000 - 0x0000000076b7a000 	C:\Windows\system32\USER32.dll
0x000007fefeeb0000 - 0x000007fefef17000 	C:\Windows\system32\GDI32.dll
0x000007fefdfd0000 - 0x000007fefdfde000 	C:\Windows\system32\LPK.dll
0x000007fefdbc0000 - 0x000007fefdc89000 	C:\Windows\system32\USP10.dll
0x000007fefbdb0000 - 0x000007fefbfa4000 	C:\Windows\WinSxS\amd64_microsoft.windows.common-controls_6595b64144ccf1df_6.0.7601.17514_none_fa396087175ac9ac\COMCTL32.dll
0x000007feff310000 - 0x000007feff381000 	C:\Windows\system32\SHLWAPI.dll
0x000007fefdb00000 - 0x000007fefdb2e000 	C:\Windows\system32\IMM32.DLL
0x000007fefdc90000 - 0x000007fefdd99000 	C:\Windows\system32\MSCTF.dll
0x0000000064b70000 - 0x0000000064c41000 	C:\Program Files\Java\jre7\bin\msvcr100.dll
0x00000000637f0000 - 0x0000000063f0f000 	C:\Program Files\Java\jre7\bin\server\jvm.dll
0x000007fefb680000 - 0x000007fefb689000 	C:\Windows\system32\WSOCK32.dll
0x000007fefdab0000 - 0x000007fefdafd000 	C:\Windows\system32\WS2_32.dll
0x000007fefdbb0000 - 0x000007fefdbb8000 	C:\Windows\system32\NSI.dll
0x000007fefabc0000 - 0x000007fefabfb000 	C:\Windows\system32\WINMM.dll
0x0000000077320000 - 0x0000000077327000 	C:\Windows\system32\PSAPI.DLL
0x0000000072cf0000 - 0x0000000072cff000 	C:\Program Files\Java\jre7\bin\verify.dll
0x0000000064b40000 - 0x0000000064b68000 	C:\Program Files\Java\jre7\bin\java.dll
0x00000000719b0000 - 0x00000000719c5000 	C:\Program Files\Java\jre7\bin\zip.dll
0x0000000180000000 - 0x0000000180050000 	C:\Users\vbruder\Bachelor\lwjgl-2.8.5\native\windows\lwjgl64.dll
0x000007fef5140000 - 0x000007fef525d000 	C:\Windows\system32\OPENGL32.dll
0x000007fef6a00000 - 0x000007fef6a2d000 	C:\Windows\system32\GLU32.dll
0x000007fef5610000 - 0x000007fef5701000 	C:\Windows\system32\DDRAW.dll
0x000007fefb2d0000 - 0x000007fefb2d8000 	C:\Windows\system32\DCIMAN32.dll
0x000007fefef20000 - 0x000007feff0f7000 	C:\Windows\system32\SETUPAPI.dll
0x000007fefd700000 - 0x000007fefd736000 	C:\Windows\system32\CFGMGR32.dll
0x000007feff390000 - 0x000007feff467000 	C:\Windows\system32\OLEAUT32.dll
0x000007feff100000 - 0x000007feff303000 	C:\Windows\system32\ole32.dll
0x000007fefd6e0000 - 0x000007fefd6fa000 	C:\Windows\system32\DEVOBJ.dll
0x000007fefb620000 - 0x000007fefb638000 	C:\Windows\system32\dwmapi.dll
0x000007fefc700000 - 0x000007fefc70c000 	C:\Windows\system32\VERSION.dll
0x000007fefbd00000 - 0x000007fefbd56000 	C:\Windows\system32\uxtheme.dll
0x0000000051a50000 - 0x0000000053434000 	C:\Windows\system32\nvoglv64.DLL
0x000007fefe120000 - 0x000007fefeea8000 	C:\Windows\system32\SHELL32.dll
0x000007fefc6d0000 - 0x000007fefc6fd000 	C:\Windows\system32\ntmarta.dll
0x000007fefda50000 - 0x000007fefdaa2000 	C:\Windows\system32\WLDAP32.dll
0x000007fefd4b0000 - 0x000007fefd4bf000 	C:\Windows\system32\CRYPTBASE.dll
0x000007fef6a90000 - 0x000007fef6b2c000 	C:\Windows\system32\mscms.dll
0x000007fefc910000 - 0x000007fefc92e000 	C:\Windows\system32\USERENV.dll
0x000007fefd5c0000 - 0x000007fefd5cf000 	C:\Windows\system32\profapi.dll
0x000007fef54a0000 - 0x000007fef54e2000 	C:\Windows\system32\icm32.dll
0x0000000005a00000 - 0x0000000005a14000 	C:\Windows\system32\OpenCL.dll
0x000007fee9140000 - 0x000007fee98b9000 	C:\Windows\system32\nvopencl.dll
0x000007feefcb0000 - 0x000007feeff86000 	C:\Windows\system32\nvapi64.dll
0x000007fefd7e0000 - 0x000007fefd819000 	C:\Windows\system32\WINTRUST.dll
0x000007fefd820000 - 0x000007fefd98a000 	C:\Windows\system32\CRYPT32.dll
0x000007fefd660000 - 0x000007fefd66f000 	C:\Windows\system32\MSASN1.dll
0x0000000071450000 - 0x00000000715e3000 	C:\Program Files\Java\jre7\bin\awt.dll
0x000007fee7910000 - 0x000007fee9133000 	C:\Windows\system32\nvcompiler.dll
0x000007fefba00000 - 0x000007fefbb25000 	C:\Windows\system32\dbghelp.dll
0x0000000071760000 - 0x0000000071790000 	C:\Program Files\Java\jre7\bin\jpeg.dll

VM Arguments:
jvm_args: -Djava.library.path=C:\Users\vbruder\Bachelor\lwjgl-2.8.5\native\windows;C:\Users\vbruder\Bachelor\lwjgl-2.8.5\native\windows -Dfile.encoding=Cp1252 
java_command: main.Rain
Launcher Type: SUN_STANDARD

Environment Variables:
PATH=C:\Program Files (x86)\NVIDIA Corporation\PhysX\Common;C:\Program Files\NVIDIA GPU Computing Toolkit\CUDA\v4.1\\bin;C:\Program Files\NVIDIA GPU Computing Toolkit\CUDA\v4.1\libnvvp\;C:\Program Files\NVIDIA GPU Computing Toolkit\CUDA\v4.0\bin\;C:\Program Files (x86)\AMD APP\bin\x86_64;C:\Program Files (x86)\AMD APP\bin\x86;C:\Windows\system32;C:\Windows;C:\Windows\System32\Wbem;C:\Windows\System32\WindowsPowerShell\v1.0\;C:\Program Files (x86)\CMake 2.8\bin;C:\Program Files (x86)\NVIDIA Corporation\Cg\bin;C:\Program Files (x86)\NVIDIA Corporation\Cg\bin.x64
USERNAME=vbruder
OS=Windows_NT
PROCESSOR_IDENTIFIER=Intel64 Family 6 Model 23 Stepping 10, GenuineIntel



---------------  S Y S T E M  ---------------

OS: Windows 7 , 64 bit Build 7601 Service Pack 1

CPU:total 2 (2 cores per cpu, 1 threads per core) family 6 model 23 stepping 10, cmov, cx8, fxsr, mmx, sse, sse2, sse3, ssse3, sse4.1, tsc

Memory: 4k page, physical 4060788k(1174044k free), swap 8119720k(3549244k free)

vm_info: Java HotSpot(TM) 64-Bit Server VM (23.7-b01) for windows-amd64 JRE (1.7.0_17-b02), built on Mar  1 2013 03:38:30 by "java_re" with unknown MS VC++:1600

time: Mon Apr 08 15:42:02 2013
elapsed time: 14 seconds

